#
# A fatal error has been detected by the Java Runtime Environment:
#
#  EXCEPTION_ACCESS_VIOLATION (0xc0000005) at pc=0x000000006741d7e6, pid=7852, tid=11588
#
# JRE version: Java(TM) SE Runtime Environment (10.0.1+10) (build 10.0.1+10)
# Java VM: Java HotSpot(TM) 64-Bit Server VM (10.0.1+10, mixed mode, tiered, compressed oops, g1 gc, windows-amd64)
# Problematic frame:
# V  [jvm.dll+0x61d7e6]
#
# No core dump will be written. Minidumps are not enabled by default on client versions of Windows
#
# If you would like to submit a bug report, please visit:
#   http://bugreport.java.com/bugreport/crash.jsp
#

---------------  S U M M A R Y ------------

Command Line: -agentlib:jdwp=transport=dt_socket,address=127.0.0.1:56041,suspend=y,server=n -javaagent:C:\Users\DELL\AppData\Local\Temp\capture2jars\debugger-agent.jar=file:/C:/Users/DELL/AppData/Local/Temp/capture.props -Dfile.encoding=UTF-8 com.company.TimKiTuTrongMang

Host: Intel(R) Core(TM) i7-7500U CPU @ 2.70GHz, 4 cores, 7G,  Windows 10 , 64 bit Build 17134 (10.0.17134.1)
Time: Thu Aug 23 18:00:26 2018 Tomsk Standard Time elapsed time: 1199 seconds (0d 0h 19m 59s)

---------------  T H R E A D  ---------------

Current thread (0x000002867a30e800):  VMThread "VM Thread" [stack: 0x000000c224e00000,0x000000c224f00000] [id=11588]

Stack: [0x000000c224e00000,0x000000c224f00000],  sp=0x000000c224efea60,  free space=1018k
Native frames: (J=compiled Java code, j=interpreted, Vv=VM code, C=native code)
V  [jvm.dll+0x61d7e6]
V  [jvm.dll+0x31dbe3]
V  [jvm.dll+0x31fbd3]
V  [jvm.dll+0x3201ce]
V  [jvm.dll+0x31d9a5]
V  [jvm.dll+0x31cd63]
V  [jvm.dll+0x590c0f]
V  [jvm.dll+0x590ff6]
V  [jvm.dll+0x590db6]
V  [jvm.dll+0x55c228]
V  [jvm.dll+0x473b9a]
V  [jvm.dll+0x6c485c]
V  [jvm.dll+0x6c2fc5]
V  [jvm.dll+0x6c37d0]
V  [jvm.dll+0x6c3b0c]
V  [jvm.dll+0x59f680]
C  [msvcr120.dll+0x24f7f]
C  [msvcr120.dll+0x25126]
C  [KERNEL32.DLL+0x13034]
C  [ntdll.dll+0x71431]


siginfo: EXCEPTION_ACCESS_VIOLATION (0xc0000005), reading address 0x00000000042a042f


Register to memory mapping:

RIP=0x000000006741d7e6 jvm.dll
RAX=0x00000000042a0429 is an unknown value
RBX=0x0000000000000000 is an unknown value
RCX=0x000000c224efeac0 is an unknown value
RDX=0x00000000042a0429 is an unknown value
RSP=0x000000c224efea60 is an unknown value
RBP=0x000000c224efefe0 is an unknown value
RSI=0x0000000000000000 is an unknown value
RDI=0x000000c224eff160 is an unknown value
R8 =0x0000000000000000 is an unknown value
R9 =0x000002867a7d3170 is pointing into metadata
R10=0x000002867adde06c is an unknown value
R11=0x000000c224efef20 is an unknown value
R12=0x000000006757d601 jvm.dll
R13=0x0000000000000000 is an unknown value
R14=0x0000000000000005 is an unknown value
R15=0x00000000000000c8 is an unknown value


Registers:
RAX=0x00000000042a0429, RBX=0x0000000000000000, RCX=0x000000c224efeac0, RDX=0x00000000042a0429
RSP=0x000000c224efea60, RBP=0x000000c224efefe0, RSI=0x0000000000000000, RDI=0x000000c224eff160
R8 =0x0000000000000000, R9 =0x000002867a7d3170, R10=0x000002867adde06c, R11=0x000000c224efef20
R12=0x000000006757d601, R13=0x0000000000000000, R14=0x0000000000000005, R15=0x00000000000000c8
RIP=0x000000006741d7e6, EFLAGS=0x0000000000010206

Top of Stack: (sp=0x000000c224efea60)
0x000000c224efea60:   000000c224efeac0 000000006741dd9c
0x000000c224efea70:   0000000000000000 0000000000000000
0x000000c224efea80:   0000000000000000 000000006711dbe3
0x000000c224efea90:   0000000000000001 000000c224eff160
0x000000c224efeaa0:   000000c224efeb00 0000000000000000
0x000000c224efeab0:   0000000000000000 0000000000000000
0x000000c224efeac0:   00000000675c8488 00000000042a0429
0x000000c224efead0:   0000000000000000 000000c20000000c
0x000000c224efeae0:   000000c224efeaf0 0000000000000000
0x000000c224efeaf0:   000000004600005c 0000000000000000
0x000000c224efeb00:   2fffffff2fffffff 000002867a1db1c0
0x000000c224efeb10:   0000000000000014 0000000000000004
0x000000c224efeb20:   000000c224efeb40 0000000000000002
0x000000c224efeb30:   000000002fffffff 0000000000000000
0x000000c224efeb40:   4fffffff4fffffff 0000000000000000
0x000000c224efeb50:   0000000000000000 000000006741d5c8 

Instructions: (pc=0x000000006741d7e6)
0x000000006741d7c6:   61 00 8d d7 61 00 cc cc cc cc 40 53 48 83 ec 20
0x000000006741d7d6:   48 8b 41 08 c7 41 10 00 00 00 00 48 89 7c 24 38
0x000000006741d7e6:   80 78 06 28 48 8b d9 74 22 41 b9 28 00 00 00 4c
0x000000006741d7f6:   8d 05 64 36 1f 00 48 8d 0d 6d 36 1f 00 41 8d 51 


VM_Operation (0x000000c2257ff8e0): GetOrSetLocal, mode: safepoint, requested by thread 0x000002867afeb800


---------------  P R O C E S S  ---------------

Threads class SMR info:
_java_thread_list=0x000002867aeeb610, length=14, elements={
0x0000028656f65800, 0x000002867a310800, 0x000002867a31c800, 0x000002867ac82800,
0x000002867ac83000, 0x000002867a32b000, 0x000002867a33c800, 0x000002867a33f000,
0x000002867a340000, 0x000002867afeb800, 0x000002867af62800, 0x000002867b0af800,
0x000002867b0a0000, 0x000002867af78800
}

Java Threads: ( => current thread )
  0x0000028656f65800 JavaThread "main" [_thread_blocked, id=11676, stack(0x000000c224200000,0x000000c224300000)]
  0x000002867a310800 JavaThread "Reference Handler" daemon [_thread_blocked, id=1884, stack(0x000000c224f00000,0x000000c225000000)]
  0x000002867a31c800 JavaThread "Finalizer" daemon [_thread_blocked, id=11624, stack(0x000000c225000000,0x000000c225100000)]
  0x000002867ac82800 JavaThread "Signal Dispatcher" daemon [_thread_blocked, id=5696, stack(0x000000c225100000,0x000000c225200000)]
  0x000002867ac83000 JavaThread "Attach Listener" daemon [_thread_blocked, id=11720, stack(0x000000c225200000,0x000000c225300000)]
  0x000002867a32b000 JavaThread "C2 CompilerThread0" daemon [_thread_blocked, id=9716, stack(0x000000c225300000,0x000000c225400000)]
  0x000002867a33c800 JavaThread "C2 CompilerThread1" daemon [_thread_blocked, id=12820, stack(0x000000c225400000,0x000000c225500000)]
  0x000002867a33f000 JavaThread "C1 CompilerThread2" daemon [_thread_blocked, id=5204, stack(0x000000c225500000,0x000000c225600000)]
  0x000002867a340000 JavaThread "Sweeper thread" daemon [_thread_blocked, id=9208, stack(0x000000c225600000,0x000000c225700000)]
  0x000002867afeb800 JavaThread "JDWP Transport Listener: dt_socket" daemon [_thread_blocked, id=9348, stack(0x000000c225700000,0x000000c225800000)] _threads_hazard_ptr=0x000002867aeeb610
  0x000002867af62800 JavaThread "JDWP Event Helper Thread" daemon [_thread_blocked, id=5456, stack(0x000000c225800000,0x000000c225900000)]
  0x000002867b0af800 JavaThread "JDWP Command Reader" daemon [_thread_in_native, id=2672, stack(0x000000c225900000,0x000000c225a00000)]
  0x000002867b0a0000 JavaThread "Common-Cleaner" daemon [_thread_blocked, id=9104, stack(0x000000c225a00000,0x000000c225b00000)]
  0x000002867af78800 JavaThread "Service Thread" daemon [_thread_blocked, id=8032, stack(0x000000c225b00000,0x000000c225c00000)]

Other Threads:
=>0x000002867a30e800 VMThread "VM Thread" [stack: 0x000000c224e00000,0x000000c224f00000] [id=11588]
  0x000002867af63000 WatcherThread [stack: 0x000000c225c00000,0x000000c225d00000] [id=2268]
  0x0000028656f7f000 GCTaskThread "GC Thread#0" [stack: 0x000000c224300000,0x000000c224400000] [id=2800]
  0x0000028656f80800 GCTaskThread "GC Thread#1" [stack: 0x000000c224400000,0x000000c224500000] [id=6512]
  0x0000028656f82800 GCTaskThread "GC Thread#2" [stack: 0x000000c224500000,0x000000c224600000] [id=8940]
  0x0000028656f85000 GCTaskThread "GC Thread#3" [stack: 0x000000c224600000,0x000000c224700000] [id=12472]
  0x0000028656fef000 ConcurrentGCThread "G1 Main Marker" [stack: 0x000000c224700000,0x000000c224800000] [id=9320]
  0x0000028656ff2800 ConcurrentGCThread "G1 Conc#0" [stack: 0x000000c224800000,0x000000c224900000] [id=9944]
  0x000002867a18d800 ConcurrentGCThread "G1 Refine#0" [stack: 0x000000c224900000,0x000000c224a00000] [id=10096]
  0x000002867a18f800 ConcurrentGCThread "G1 Refine#1" [stack: 0x000000c224a00000,0x000000c224b00000] [id=8072]
  0x000002867a191800 ConcurrentGCThread "G1 Refine#2" [stack: 0x000000c224b00000,0x000000c224c00000] [id=12200]
  0x000002867a19b800 ConcurrentGCThread "G1 Refine#3" [stack: 0x000000c224c00000,0x000000c224d00000] [id=11996]
  0x000002867a19f800 ConcurrentGCThread "G1 Young RemSet Sampling" [stack: 0x000000c224d00000,0x000000c224e00000] [id=11900]

Threads with active compile tasks:

VM state:at safepoint (normal execution)

VM Mutex/Monitor currently owned by a thread:  ([mutex/lock_event])
[0x0000028656f64130] Threads_lock - owner thread: 0x000002867a30e800

Heap address: 0x0000000081800000, size: 2024 MB, Compressed Oops mode: 32-bit
Narrow klass base: 0x0000000000000000, Narrow klass shift: 3
Compressed class space size: 1073741824 Address: 0x0000000100000000

Heap:
 garbage-first heap   total 131072K, used 4096K [0x0000000081800000, 0x0000000100000000)
  region size 1024K, 5 young (5120K), 0 survivors (0K)
 Metaspace       used 6985K, capacity 7155K, committed 7296K, reserved 1056768K
  class space    used 572K, capacity 618K, committed 640K, reserved 1048576K
Heap Regions: E=young(eden), S=young(survivor), O=old, HS=humongous(starts), HC=humongous(continues), CS=collection set, F=free, A=archive, TS=gc time stamp, AC=allocation context, TAMS=top-at-mark-start (previous, next)
|   0|0x0000000081800000, 0x0000000081800000, 0x0000000081900000|  0%| F|  |TS  0|AC  0|TAMS 0x0000000081800000, 0x0000000081800000|
|   1|0x0000000081900000, 0x0000000081900000, 0x0000000081a00000|  0%| F|  |TS  0|AC  0|TAMS 0x0000000081900000, 0x0000000081900000|
|   2|0x0000000081a00000, 0x0000000081a00000, 0x0000000081b00000|  0%| F|  |TS  0|AC  0|TAMS 0x0000000081a00000, 0x0000000081a00000|
|   3|0x0000000081b00000, 0x0000000081b00000, 0x0000000081c00000|  0%| F|  |TS  0|AC  0|TAMS 0x0000000081b00000, 0x0000000081b00000|
|   4|0x0000000081c00000, 0x0000000081c00000, 0x0000000081d00000|  0%| F|  |TS  0|AC  0|TAMS 0x0000000081c00000, 0x0000000081c00000|
|   5|0x0000000081d00000, 0x0000000081d00000, 0x0000000081e00000|  0%| F|  |TS  0|AC  0|TAMS 0x0000000081d00000, 0x0000000081d00000|
|   6|0x0000000081e00000, 0x0000000081e00000, 0x0000000081f00000|  0%| F|  |TS  0|AC  0|TAMS 0x0000000081e00000, 0x0000000081e00000|
|   7|0x0000000081f00000, 0x0000000081f00000, 0x0000000082000000|  0%| F|  |TS  0|AC  0|TAMS 0x0000000081f00000, 0x0000000081f00000|
|   8|0x0000000082000000, 0x0000000082000000, 0x0000000082100000|  0%| F|  |TS  0|AC  0|TAMS 0x0000000082000000, 0x0000000082000000|
|   9|0x0000000082100000, 0x0000000082100000, 0x0000000082200000|  0%| F|  |TS  0|AC  0|TAMS 0x0000000082100000, 0x0000000082100000|
|  10|0x0000000082200000, 0x0000000082200000, 0x0000000082300000|  0%| F|  |TS  0|AC  0|TAMS 0x0000000082200000, 0x0000000082200000|
|  11|0x0000000082300000, 0x0000000082300000, 0x0000000082400000|  0%| F|  |TS  0|AC  0|TAMS 0x0000000082300000, 0x0000000082300000|
|  12|0x0000000082400000, 0x0000000082400000, 0x0000000082500000|  0%| F|  |TS  0|AC  0|TAMS 0x0000000082400000, 0x0000000082400000|
|  13|0x0000000082500000, 0x0000000082500000, 0x0000000082600000|  0%| F|  |TS  0|AC  0|TAMS 0x0000000082500000, 0x0000000082500000|
|  14|0x0000000082600000, 0x0000000082600000, 0x0000000082700000|  0%| F|  |TS  0|AC  0|TAMS 0x0000000082600000, 0x0000000082600000|
|  15|0x0000000082700000, 0x0000000082700000, 0x0000000082800000|  0%| F|  |TS  0|AC  0|TAMS 0x0000000082700000, 0x0000000082700000|
|  16|0x0000000082800000, 0x0000000082800000, 0x0000000082900000|  0%| F|  |TS  0|AC  0|TAMS 0x0000000082800000, 0x0000000082800000|
|  17|0x0000000082900000, 0x0000000082900000, 0x0000000082a00000|  0%| F|  |TS  0|AC  0|TAMS 0x0000000082900000, 0x0000000082900000|
|  18|0x0000000082a00000, 0x0000000082a00000, 0x0000000082b00000|  0%| F|  |TS  0|AC  0|TAMS 0x0000000082a00000, 0x0000000082a00000|
|  19|0x0000000082b00000, 0x0000000082b00000, 0x0000000082c00000|  0%| F|  |TS  0|AC  0|TAMS 0x0000000082b00000, 0x0000000082b00000|
|  20|0x0000000082c00000, 0x0000000082c00000, 0x0000000082d00000|  0%| F|  |TS  0|AC  0|TAMS 0x0000000082c00000, 0x0000000082c00000|
|  21|0x0000000082d00000, 0x0000000082d00000, 0x0000000082e00000|  0%| F|  |TS  0|AC  0|TAMS 0x0000000082d00000, 0x0000000082d00000|
|  22|0x0000000082e00000, 0x0000000082e00000, 0x0000000082f00000|  0%| F|  |TS  0|AC  0|TAMS 0x0000000082e00000, 0x0000000082e00000|
|  23|0x0000000082f00000, 0x0000000082f00000, 0x0000000083000000|  0%| F|  |TS  0|AC  0|TAMS 0x0000000082f00000, 0x0000000082f00000|
|  24|0x0000000083000000, 0x0000000083000000, 0x0000000083100000|  0%| F|  |TS  0|AC  0|TAMS 0x0000000083000000, 0x0000000083000000|
|  25|0x0000000083100000, 0x0000000083100000, 0x0000000083200000|  0%| F|  |TS  0|AC  0|TAMS 0x0000000083100000, 0x0000000083100000|
|  26|0x0000000083200000, 0x0000000083200000, 0x0000000083300000|  0%| F|  |TS  0|AC  0|TAMS 0x0000000083200000, 0x0000000083200000|
|  27|0x0000000083300000, 0x0000000083300000, 0x0000000083400000|  0%| F|  |TS  0|AC  0|TAMS 0x0000000083300000, 0x0000000083300000|
|  28|0x0000000083400000, 0x0000000083400000, 0x0000000083500000|  0%| F|  |TS  0|AC  0|TAMS 0x0000000083400000, 0x0000000083400000|
|  29|0x0000000083500000, 0x0000000083500000, 0x0000000083600000|  0%| F|  |TS  0|AC  0|TAMS 0x0000000083500000, 0x0000000083500000|
|  30|0x0000000083600000, 0x0000000083600000, 0x0000000083700000|  0%| F|  |TS  0|AC  0|TAMS 0x0000000083600000, 0x0000000083600000|
|  31|0x0000000083700000, 0x0000000083700000, 0x0000000083800000|  0%| F|  |TS  0|AC  0|TAMS 0x0000000083700000, 0x0000000083700000|
|  32|0x0000000083800000, 0x0000000083800000, 0x0000000083900000|  0%| F|  |TS  0|AC  0|TAMS 0x0000000083800000, 0x0000000083800000|
|  33|0x0000000083900000, 0x0000000083900000, 0x0000000083a00000|  0%| F|  |TS  0|AC  0|TAMS 0x0000000083900000, 0x0000000083900000|
|  34|0x0000000083a00000, 0x0000000083a00000, 0x0000000083b00000|  0%| F|  |TS  0|AC  0|TAMS 0x0000000083a00000, 0x0000000083a00000|
|  35|0x0000000083b00000, 0x0000000083b00000, 0x0000000083c00000|  0%| F|  |TS  0|AC  0|TAMS 0x0000000083b00000, 0x0000000083b00000|
|  36|0x0000000083c00000, 0x0000000083c00000, 0x0000000083d00000|  0%| F|  |TS  0|AC  0|TAMS 0x0000000083c00000, 0x0000000083c00000|
|  37|0x0000000083d00000, 0x0000000083d00000, 0x0000000083e00000|  0%| F|  |TS  0|AC  0|TAMS 0x0000000083d00000, 0x0000000083d00000|
|  38|0x0000000083e00000, 0x0000000083e00000, 0x0000000083f00000|  0%| F|  |TS  0|AC  0|TAMS 0x0000000083e00000, 0x0000000083e00000|
|  39|0x0000000083f00000, 0x0000000083f00000, 0x0000000084000000|  0%| F|  |TS  0|AC  0|TAMS 0x0000000083f00000, 0x0000000083f00000|
|  40|0x0000000084000000, 0x0000000084000000, 0x0000000084100000|  0%| F|  |TS  0|AC  0|TAMS 0x0000000084000000, 0x0000000084000000|
|  41|0x0000000084100000, 0x0000000084100000, 0x0000000084200000|  0%| F|  |TS  0|AC  0|TAMS 0x0000000084100000, 0x0000000084100000|
|  42|0x0000000084200000, 0x0000000084200000, 0x0000000084300000|  0%| F|  |TS  0|AC  0|TAMS 0x0000000084200000, 0x0000000084200000|
|  43|0x0000000084300000, 0x0000000084300000, 0x0000000084400000|  0%| F|  |TS  0|AC  0|TAMS 0x0000000084300000, 0x0000000084300000|
|  44|0x0000000084400000, 0x0000000084400000, 0x0000000084500000|  0%| F|  |TS  0|AC  0|TAMS 0x0000000084400000, 0x0000000084400000|
|  45|0x0000000084500000, 0x0000000084500000, 0x0000000084600000|  0%| F|  |TS  0|AC  0|TAMS 0x0000000084500000, 0x0000000084500000|
|  46|0x0000000084600000, 0x0000000084600000, 0x0000000084700000|  0%| F|  |TS  0|AC  0|TAMS 0x0000000084600000, 0x0000000084600000|
|  47|0x0000000084700000, 0x0000000084700000, 0x0000000084800000|  0%| F|  |TS  0|AC  0|TAMS 0x0000000084700000, 0x0000000084700000|
|  48|0x0000000084800000, 0x0000000084800000, 0x0000000084900000|  0%| F|  |TS  0|AC  0|TAMS 0x0000000084800000, 0x0000000084800000|
|  49|0x0000000084900000, 0x0000000084900000, 0x0000000084a00000|  0%| F|  |TS  0|AC  0|TAMS 0x0000000084900000, 0x0000000084900000|
|  50|0x0000000084a00000, 0x0000000084a00000, 0x0000000084b00000|  0%| F|  |TS  0|AC  0|TAMS 0x0000000084a00000, 0x0000000084a00000|
|  51|0x0000000084b00000, 0x0000000084b00000, 0x0000000084c00000|  0%| F|  |TS  0|AC  0|TAMS 0x0000000084b00000, 0x0000000084b00000|
|  52|0x0000000084c00000, 0x0000000084c00000, 0x0000000084d00000|  0%| F|  |TS  0|AC  0|TAMS 0x0000000084c00000, 0x0000000084c00000|
|  53|0x0000000084d00000, 0x0000000084d00000, 0x0000000084e00000|  0%| F|  |TS  0|AC  0|TAMS 0x0000000084d00000, 0x0000000084d00000|
|  54|0x0000000084e00000, 0x0000000084e00000, 0x0000000084f00000|  0%| F|  |TS  0|AC  0|TAMS 0x0000000084e00000, 0x0000000084e00000|
|  55|0x0000000084f00000, 0x0000000084f00000, 0x0000000085000000|  0%| F|  |TS  0|AC  0|TAMS 0x0000000084f00000, 0x0000000084f00000|
|  56|0x0000000085000000, 0x0000000085000000, 0x0000000085100000|  0%| F|  |TS  0|AC  0|TAMS 0x0000000085000000, 0x0000000085000000|
|  57|0x0000000085100000, 0x0000000085100000, 0x0000000085200000|  0%| F|  |TS  0|AC  0|TAMS 0x0000000085100000, 0x0000000085100000|
|  58|0x0000000085200000, 0x0000000085200000, 0x0000000085300000|  0%| F|  |TS  0|AC  0|TAMS 0x0000000085200000, 0x0000000085200000|
|  59|0x0000000085300000, 0x0000000085300000, 0x0000000085400000|  0%| F|  |TS  0|AC  0|TAMS 0x0000000085300000, 0x0000000085300000|
|  60|0x0000000085400000, 0x0000000085400000, 0x0000000085500000|  0%| F|  |TS  0|AC  0|TAMS 0x0000000085400000, 0x0000000085400000|
|  61|0x0000000085500000, 0x0000000085500000, 0x0000000085600000|  0%| F|  |TS  0|AC  0|TAMS 0x0000000085500000, 0x0000000085500000|
|  62|0x0000000085600000, 0x0000000085600000, 0x0000000085700000|  0%| F|  |TS  0|AC  0|TAMS 0x0000000085600000, 0x0000000085600000|
|  63|0x0000000085700000, 0x0000000085700000, 0x0000000085800000|  0%| F|  |TS  0|AC  0|TAMS 0x0000000085700000, 0x0000000085700000|
|  64|0x0000000085800000, 0x0000000085800000, 0x0000000085900000|  0%| F|  |TS  0|AC  0|TAMS 0x0000000085800000, 0x0000000085800000|
|  65|0x0000000085900000, 0x0000000085900000, 0x0000000085a00000|  0%| F|  |TS  0|AC  0|TAMS 0x0000000085900000, 0x0000000085900000|
|  66|0x0000000085a00000, 0x0000000085a00000, 0x0000000085b00000|  0%| F|  |TS  0|AC  0|TAMS 0x0000000085a00000, 0x0000000085a00000|
|  67|0x0000000085b00000, 0x0000000085b00000, 0x0000000085c00000|  0%| F|  |TS  0|AC  0|TAMS 0x0000000085b00000, 0x0000000085b00000|
|  68|0x0000000085c00000, 0x0000000085c00000, 0x0000000085d00000|  0%| F|  |TS  0|AC  0|TAMS 0x0000000085c00000, 0x0000000085c00000|
|  69|0x0000000085d00000, 0x0000000085d00000, 0x0000000085e00000|  0%| F|  |TS  0|AC  0|TAMS 0x0000000085d00000, 0x0000000085d00000|
|  70|0x0000000085e00000, 0x0000000085e00000, 0x0000000085f00000|  0%| F|  |TS  0|AC  0|TAMS 0x0000000085e00000, 0x0000000085e00000|
|  71|0x0000000085f00000, 0x0000000085f00000, 0x0000000086000000|  0%| F|  |TS  0|AC  0|TAMS 0x0000000085f00000, 0x0000000085f00000|
|  72|0x0000000086000000, 0x0000000086000000, 0x0000000086100000|  0%| F|  |TS  0|AC  0|TAMS 0x0000000086000000, 0x0000000086000000|
|  73|0x0000000086100000, 0x0000000086100000, 0x0000000086200000|  0%| F|  |TS  0|AC  0|TAMS 0x0000000086100000, 0x0000000086100000|
|  74|0x0000000086200000, 0x0000000086200000, 0x0000000086300000|  0%| F|  |TS  0|AC  0|TAMS 0x0000000086200000, 0x0000000086200000|
|  75|0x0000000086300000, 0x0000000086300000, 0x0000000086400000|  0%| F|  |TS  0|AC  0|TAMS 0x0000000086300000, 0x0000000086300000|
|  76|0x0000000086400000, 0x0000000086400000, 0x0000000086500000|  0%| F|  |TS  0|AC  0|TAMS 0x0000000086400000, 0x0000000086400000|
|  77|0x0000000086500000, 0x0000000086500000, 0x0000000086600000|  0%| F|  |TS  0|AC  0|TAMS 0x0000000086500000, 0x0000000086500000|
|  78|0x0000000086600000, 0x0000000086600000, 0x0000000086700000|  0%| F|  |TS  0|AC  0|TAMS 0x0000000086600000, 0x0000000086600000|
|  79|0x0000000086700000, 0x0000000086700000, 0x0000000086800000|  0%| F|  |TS  0|AC  0|TAMS 0x0000000086700000, 0x0000000086700000|
|  80|0x0000000086800000, 0x0000000086800000, 0x0000000086900000|  0%| F|  |TS  0|AC  0|TAMS 0x0000000086800000, 0x0000000086800000|
|  81|0x0000000086900000, 0x0000000086900000, 0x0000000086a00000|  0%| F|  |TS  0|AC  0|TAMS 0x0000000086900000, 0x0000000086900000|
|  82|0x0000000086a00000, 0x0000000086a00000, 0x0000000086b00000|  0%| F|  |TS  0|AC  0|TAMS 0x0000000086a00000, 0x0000000086a00000|
|  83|0x0000000086b00000, 0x0000000086b00000, 0x0000000086c00000|  0%| F|  |TS  0|AC  0|TAMS 0x0000000086b00000, 0x0000000086b00000|
|  84|0x0000000086c00000, 0x0000000086c00000, 0x0000000086d00000|  0%| F|  |TS  0|AC  0|TAMS 0x0000000086c00000, 0x0000000086c00000|
|  85|0x0000000086d00000, 0x0000000086d00000, 0x0000000086e00000|  0%| F|  |TS  0|AC  0|TAMS 0x0000000086d00000, 0x0000000086d00000|
|  86|0x0000000086e00000, 0x0000000086e00000, 0x0000000086f00000|  0%| F|  |TS  0|AC  0|TAMS 0x0000000086e00000, 0x0000000086e00000|
|  87|0x0000000086f00000, 0x0000000086f00000, 0x0000000087000000|  0%| F|  |TS  0|AC  0|TAMS 0x0000000086f00000, 0x0000000086f00000|
|  88|0x0000000087000000, 0x0000000087000000, 0x0000000087100000|  0%| F|  |TS  0|AC  0|TAMS 0x0000000087000000, 0x0000000087000000|
|  89|0x0000000087100000, 0x0000000087100000, 0x0000000087200000|  0%| F|  |TS  0|AC  0|TAMS 0x0000000087100000, 0x0000000087100000|
|  90|0x0000000087200000, 0x0000000087200000, 0x0000000087300000|  0%| F|  |TS  0|AC  0|TAMS 0x0000000087200000, 0x0000000087200000|
|  91|0x0000000087300000, 0x0000000087300000, 0x0000000087400000|  0%| F|  |TS  0|AC  0|TAMS 0x0000000087300000, 0x0000000087300000|
|  92|0x0000000087400000, 0x0000000087400000, 0x0000000087500000|  0%| F|  |TS  0|AC  0|TAMS 0x0000000087400000, 0x0000000087400000|
|  93|0x0000000087500000, 0x0000000087500000, 0x0000000087600000|  0%| F|  |TS  0|AC  0|TAMS 0x0000000087500000, 0x0000000087500000|
|  94|0x0000000087600000, 0x0000000087600000, 0x0000000087700000|  0%| F|  |TS  0|AC  0|TAMS 0x0000000087600000, 0x0000000087600000|
|  95|0x0000000087700000, 0x0000000087700000, 0x0000000087800000|  0%| F|  |TS  0|AC  0|TAMS 0x0000000087700000, 0x0000000087700000|
|  96|0x0000000087800000, 0x0000000087800000, 0x0000000087900000|  0%| F|  |TS  0|AC  0|TAMS 0x0000000087800000, 0x0000000087800000|
|  97|0x0000000087900000, 0x0000000087900000, 0x0000000087a00000|  0%| F|  |TS  0|AC  0|TAMS 0x0000000087900000, 0x0000000087900000|
|  98|0x0000000087a00000, 0x0000000087a00000, 0x0000000087b00000|  0%| F|  |TS  0|AC  0|TAMS 0x0000000087a00000, 0x0000000087a00000|
|  99|0x0000000087b00000, 0x0000000087b00000, 0x0000000087c00000|  0%| F|  |TS  0|AC  0|TAMS 0x0000000087b00000, 0x0000000087b00000|
| 100|0x0000000087c00000, 0x0000000087c00000, 0x0000000087d00000|  0%| F|  |TS  0|AC  0|TAMS 0x0000000087c00000, 0x0000000087c00000|
| 101|0x0000000087d00000, 0x0000000087d00000, 0x0000000087e00000|  0%| F|  |TS  0|AC  0|TAMS 0x0000000087d00000, 0x0000000087d00000|
| 102|0x0000000087e00000, 0x0000000087e00000, 0x0000000087f00000|  0%| F|  |TS  0|AC  0|TAMS 0x0000000087e00000, 0x0000000087e00000|
| 103|0x0000000087f00000, 0x0000000087f00000, 0x0000000088000000|  0%| F|  |TS  0|AC  0|TAMS 0x0000000087f00000, 0x0000000087f00000|
| 104|0x0000000088000000, 0x0000000088000000, 0x0000000088100000|  0%| F|  |TS  0|AC  0|TAMS 0x0000000088000000, 0x0000000088000000|
| 105|0x0000000088100000, 0x0000000088100000, 0x0000000088200000|  0%| F|  |TS  0|AC  0|TAMS 0x0000000088100000, 0x0000000088100000|
| 106|0x0000000088200000, 0x0000000088200000, 0x0000000088300000|  0%| F|  |TS  0|AC  0|TAMS 0x0000000088200000, 0x0000000088200000|
| 107|0x0000000088300000, 0x0000000088300000, 0x0000000088400000|  0%| F|  |TS  0|AC  0|TAMS 0x0000000088300000, 0x0000000088300000|
| 108|0x0000000088400000, 0x0000000088400000, 0x0000000088500000|  0%| F|  |TS  0|AC  0|TAMS 0x0000000088400000, 0x0000000088400000|
| 109|0x0000000088500000, 0x0000000088500000, 0x0000000088600000|  0%| F|  |TS  0|AC  0|TAMS 0x0000000088500000, 0x0000000088500000|
| 110|0x0000000088600000, 0x0000000088600000, 0x0000000088700000|  0%| F|  |TS  0|AC  0|TAMS 0x0000000088600000, 0x0000000088600000|
| 111|0x0000000088700000, 0x0000000088700000, 0x0000000088800000|  0%| F|  |TS  0|AC  0|TAMS 0x0000000088700000, 0x0000000088700000|
| 112|0x0000000088800000, 0x0000000088800000, 0x0000000088900000|  0%| F|  |TS  0|AC  0|TAMS 0x0000000088800000, 0x0000000088800000|
| 113|0x0000000088900000, 0x0000000088900000, 0x0000000088a00000|  0%| F|  |TS  0|AC  0|TAMS 0x0000000088900000, 0x0000000088900000|
| 114|0x0000000088a00000, 0x0000000088a00000, 0x0000000088b00000|  0%| F|  |TS  0|AC  0|TAMS 0x0000000088a00000, 0x0000000088a00000|
| 115|0x0000000088b00000, 0x0000000088b00000, 0x0000000088c00000|  0%| F|  |TS  0|AC  0|TAMS 0x0000000088b00000, 0x0000000088b00000|
| 116|0x0000000088c00000, 0x0000000088c00000, 0x0000000088d00000|  0%| F|  |TS  0|AC  0|TAMS 0x0000000088c00000, 0x0000000088c00000|
| 117|0x0000000088d00000, 0x0000000088d00000, 0x0000000088e00000|  0%| F|  |TS  0|AC  0|TAMS 0x0000000088d00000, 0x0000000088d00000|
| 118|0x0000000088e00000, 0x0000000088e00000, 0x0000000088f00000|  0%| F|  |TS  0|AC  0|TAMS 0x0000000088e00000, 0x0000000088e00000|
| 119|0x0000000088f00000, 0x0000000088f00000, 0x0000000089000000|  0%| F|  |TS  0|AC  0|TAMS 0x0000000088f00000, 0x0000000088f00000|
| 120|0x0000000089000000, 0x0000000089000000, 0x0000000089100000|  0%| F|  |TS  0|AC  0|TAMS 0x0000000089000000, 0x0000000089000000|
| 121|0x0000000089100000, 0x0000000089100000, 0x0000000089200000|  0%| F|  |TS  0|AC  0|TAMS 0x0000000089100000, 0x0000000089100000|
| 122|0x0000000089200000, 0x0000000089200000, 0x0000000089300000|  0%| F|  |TS  0|AC  0|TAMS 0x0000000089200000, 0x0000000089200000|
| 123|0x0000000089300000, 0x00000000893d8118, 0x0000000089400000| 84%| E|  |TS  0|AC  0|TAMS 0x0000000089300000, 0x0000000089300000|
| 124|0x0000000089400000, 0x0000000089500000, 0x0000000089500000|100%| E|CS|TS  0|AC  0|TAMS 0x0000000089400000, 0x0000000089400000|
| 125|0x0000000089500000, 0x0000000089600000, 0x0000000089600000|100%| E|CS|TS  0|AC  0|TAMS 0x0000000089500000, 0x0000000089500000|
| 126|0x0000000089600000, 0x0000000089700000, 0x0000000089700000|100%| E|CS|TS  0|AC  0|TAMS 0x0000000089600000, 0x0000000089600000|
| 127|0x0000000089700000, 0x0000000089800000, 0x0000000089800000|100%| E|CS|TS  0|AC  0|TAMS 0x0000000089700000, 0x0000000089700000|

Card table byte_map: [0x0000028673530000,0x0000028673930000] byte_map_base: 0x0000028673124000

Marking Bits (Prev, Next): (CMBitMap*) 0x0000028656fee4d0, (CMBitMap*) 0x0000028656fee508
 Prev Bits: [0x0000028673d30000, 0x0000028675cd0000)
 Next Bits: [0x0000028675cd0000, 0x0000028677c70000)

Polling page: 0x0000028656df0000

CodeHeap 'non-profiled nmethods': size=120064Kb used=104Kb max_used=104Kb free=119959Kb
 bounds [0x000002866b5d0000, 0x000002866b840000, 0x0000028672b10000]
CodeHeap 'profiled nmethods': size=120000Kb used=398Kb max_used=398Kb free=119601Kb
 bounds [0x00000286640a0000, 0x0000028664310000, 0x000002866b5d0000]
CodeHeap 'non-nmethods': size=5696Kb used=1131Kb max_used=1142Kb free=4565Kb
 bounds [0x0000028663b10000, 0x0000028663d80000, 0x00000286640a0000]
 total_blobs=741 nmethods=313 adapters=255
 compilation: enabled

Compilation events (10 events):
Event: 0.600 Thread 0x000002867a33f000  309       3       java.lang.invoke.MethodType::equals (29 bytes)
Event: 0.601 Thread 0x000002867a33f000 nmethod 309 0x0000028664100f90 code [0x0000028664101180, 0x00000286641016d0]
Event: 0.601 Thread 0x000002867a33f000  310   !   3       java.lang.invoke.MemberName::getMethodType (203 bytes)
Event: 0.602 Thread 0x000002867a33f000 nmethod 310 0x0000028664101810 code [0x0000028664101b20, 0x0000028664103100]
Event: 8.417 Thread 0x000002867a33f000  311       3       java.lang.StringUTF16::putChar (54 bytes)
Event: 8.417 Thread 0x000002867a33f000 nmethod 311 0x0000028664103710 code [0x00000286641038c0, 0x0000028664103a58]
Event: 246.500 Thread 0x000002867a33c800  312       4       java.lang.StringUTF16::getChar (60 bytes)
Event: 246.504 Thread 0x000002867a33c800 nmethod 312 0x000002866b5e9a90 code [0x000002866b5e9c20, 0x000002866b5e9cf8]
Event: 254.697 Thread 0x000002867a32b000  313       4       java.lang.StringUTF16::putChar (54 bytes)
Event: 254.700 Thread 0x000002867a32b000 nmethod 313 0x000002866b5e9e10 code [0x000002866b5e9fa0, 0x000002866b5ea098]

GC Heap History (0 events):
No events

Deoptimization events (3 events):
Event: 0.198 Thread 0x0000028656f65800 Uncommon trap: reason=unstable_if action=reinterpret pc=0x000002866b5d3828 method=java.lang.String.hashCode()I @ 14 c2
Event: 0.220 Thread 0x0000028656f65800 Uncommon trap: reason=unstable_if action=reinterpret pc=0x000002866b5d76fc method=java.lang.String.isLatin1()Z @ 10 c2
Event: 0.268 Thread 0x0000028656f65800 Uncommon trap: reason=unstable_if action=reinterpret pc=0x000002866b5e147c method=java.lang.String.charAt(I)C @ 4 c2

Classes redefined (4 events):
Event: 202.512 Thread 0x000002867a30e800 redefined class name=com.company.TimKiTuTrongMang, count=1
Event: 323.297 Thread 0x000002867a30e800 redefined class name=com.company.TimKiTuTrongMang, count=2
Event: 366.008 Thread 0x000002867a30e800 redefined class name=com.company.TimKiTuTrongMang, count=3
Event: 1198.915 Thread 0x000002867a30e800 redefined class name=com.company.TimKiTuTrongMang, count=4

Internal exceptions (3 events):
Event: 0.533 Thread 0x0000028656f65800 Exception <a 'java/lang/NoSuchMethodError'{0x0000000089464680}: java.lang.Object.lambda$negate$3(I)Z> (0x0000000089464680) thrown at [t:/workspace/open/src/hotspot/share/interpreter/linkResolver.cpp, line 741]
Event: 0.535 Thread 0x0000028656f65800 Exception <a 'java/lang/NoSuchMethodError'{0x00000000894679a0}: java.lang.Object.lambda$and$0(Ljava/util/regex/Pattern$CharPredicate;I)Z> (0x00000000894679a0) thrown at [t:/workspace/open/src/hotspot/share/interpreter/linkResolver.cpp, line 741]
Event: 0.600 Thread 0x0000028656f65800 Exception <a 'java/lang/NoSuchMethodError'{0x000000008932bd78}: java.lang.Object.lambda$union$2(Ljava/util/regex/Pattern$CharPredicate;I)Z> (0x000000008932bd78) thrown at [t:/workspace/open/src/hotspot/share/interpreter/linkResolver.cpp, line 741]

Events (10 events):
Event: 1198.917 Executing VM operation: RedefineClasses done
Event: 1198.919 Executing VM operation: GetFrameCount
Event: 1198.920 Executing VM operation: GetFrameCount done
Event: 1198.920 Executing VM operation: GetFrameCount
Event: 1198.921 Executing VM operation: GetFrameCount done
Event: 1198.921 Executing VM operation: GetFrameLocation
Event: 1198.921 Executing VM operation: GetFrameLocation done
Event: 1199.021 Executing VM operation: ChangeBreakpoints
Event: 1199.021 Executing VM operation: ChangeBreakpoints done
Event: 1199.026 Executing VM operation: GetOrSetLocal


Dynamic libraries:
0x00007ff682e10000 - 0x00007ff682e4e000 	C:\Program Files\Java\jdk-10.0.1\bin\java.exe
0x00007ffb2e3c0000 - 0x00007ffb2e5a1000 	C:\Windows\SYSTEM32\ntdll.dll
0x00007ffaf77d0000 - 0x00007ffaf7804000 	C:\Program Files\AVAST Software\Avast\x64\aswhooka.dll
0x00007ffb2b930000 - 0x00007ffb2b9e2000 	C:\Windows\System32\KERNEL32.DLL
0x00007ffb2b340000 - 0x00007ffb2b5b3000 	C:\Windows\System32\KERNELBASE.dll
0x00007ffb2b850000 - 0x00007ffb2b8f1000 	C:\Windows\System32\ADVAPI32.dll
0x00007ffb2d5f0000 - 0x00007ffb2d68e000 	C:\Windows\System32\msvcrt.dll
0x00007ffb2dbf0000 - 0x00007ffb2dc4b000 	C:\Windows\System32\sechost.dll
0x00007ffb2dab0000 - 0x00007ffb2dbd4000 	C:\Windows\System32\RPCRT4.dll
0x00007ffb2d810000 - 0x00007ffb2d9a0000 	C:\Windows\System32\USER32.dll
0x00007ffb2b320000 - 0x00007ffb2b340000 	C:\Windows\System32\win32u.dll
0x00007ffb2b900000 - 0x00007ffb2b928000 	C:\Windows\System32\GDI32.dll
0x00007ffb2a940000 - 0x00007ffb2aad2000 	C:\Windows\System32\gdi32full.dll
0x00007ffb2b5c0000 - 0x00007ffb2b65f000 	C:\Windows\System32\msvcp_win.dll
0x00007ffb2a790000 - 0x00007ffb2a88a000 	C:\Windows\System32\ucrtbase.dll
0x00007ffb1ff10000 - 0x00007ffb20179000 	C:\Windows\WinSxS\amd64_microsoft.windows.common-controls_6595b64144ccf1df_6.0.17134.228_none_fb4599993062b194\COMCTL32.dll
0x00007ffb2d2c0000 - 0x00007ffb2d5e3000 	C:\Windows\System32\combase.dll
0x00007ffb2b2a0000 - 0x00007ffb2b31a000 	C:\Windows\System32\bcryptPrimitives.dll
0x00007ffb24090000 - 0x00007ffb2409a000 	C:\Windows\SYSTEM32\VERSION.dll
0x00007ffb2cf20000 - 0x00007ffb2cf4d000 	C:\Windows\System32\IMM32.DLL
0x00007ffb1c870000 - 0x00007ffb1c95f000 	C:\Program Files\Java\jdk-10.0.1\bin\msvcr120.dll
0x00007ffb1b0e0000 - 0x00007ffb1b186000 	C:\Program Files\Java\jdk-10.0.1\bin\msvcp120.dll
0x0000000066e00000 - 0x0000000067870000 	C:\Program Files\Java\jdk-10.0.1\bin\server\jvm.dll
0x00007ffb2dbe0000 - 0x00007ffb2dbe8000 	C:\Windows\System32\PSAPI.DLL
0x00007ffb14f20000 - 0x00007ffb14f29000 	C:\Windows\SYSTEM32\WSOCK32.dll
0x00007ffb2d1d0000 - 0x00007ffb2d23c000 	C:\Windows\System32\WS2_32.dll
0x00007ffb28190000 - 0x00007ffb281b3000 	C:\Windows\SYSTEM32\WINMM.dll
0x00007ffb28160000 - 0x00007ffb2818a000 	C:\Windows\SYSTEM32\WINMMBASE.dll
0x00007ffb2b250000 - 0x00007ffb2b299000 	C:\Windows\System32\cfgmgr32.dll
0x00007ffb269b0000 - 0x00007ffb269bf000 	C:\Program Files\Java\jdk-10.0.1\bin\verify.dll
0x00007ffb29170000 - 0x00007ffb29339000 	C:\Windows\SYSTEM32\DBGHELP.DLL
0x00007ffb13200000 - 0x00007ffb13229000 	C:\Windows\SYSTEM32\dbgcore.DLL
0x00007ffb1c7d0000 - 0x00007ffb1c7f7000 	C:\Program Files\Java\jdk-10.0.1\bin\java.dll
0x00007ffb0cf40000 - 0x00007ffb0cf76000 	C:\Program Files\Java\jdk-10.0.1\bin\jdwp.dll
0x00007ffb1c720000 - 0x00007ffb1c74a000 	C:\Program Files\Java\jdk-10.0.1\bin\instrument.dll
0x00007ffb1c990000 - 0x00007ffb1c9a6000 	C:\Program Files\Java\jdk-10.0.1\bin\zip.dll
0x00007ffb269a0000 - 0x00007ffb269aa000 	C:\Program Files\Java\jdk-10.0.1\bin\jimage.dll
0x00007ffb2bae0000 - 0x00007ffb2cf20000 	C:\Windows\System32\SHELL32.dll
0x00007ffb2d9a0000 - 0x00007ffb2da49000 	C:\Windows\System32\shcore.dll
0x00007ffb2aae0000 - 0x00007ffb2b1ed000 	C:\Windows\System32\windows.storage.dll
0x00007ffb2da50000 - 0x00007ffb2daa1000 	C:\Windows\System32\shlwapi.dll
0x00007ffb2a770000 - 0x00007ffb2a781000 	C:\Windows\System32\kernel.appcore.dll
0x00007ffb2a740000 - 0x00007ffb2a75f000 	C:\Windows\System32\profapi.dll
0x00007ffb2a6f0000 - 0x00007ffb2a73c000 	C:\Windows\System32\powrprof.dll
0x00007ffb2a760000 - 0x00007ffb2a76a000 	C:\Windows\System32\FLTLIB.DLL
0x00007ffb1b4b0000 - 0x00007ffb1b4ba000 	C:\Program Files\Java\jdk-10.0.1\bin\dt_socket.dll
0x00007ffb29ef0000 - 0x00007ffb29f56000 	C:\Windows\system32\mswsock.dll
0x00007ffb1c700000 - 0x00007ffb1c71a000 	C:\Program Files\Java\jdk-10.0.1\bin\net.dll
0x00007ffb25d30000 - 0x00007ffb25e0c000 	C:\Windows\SYSTEM32\WINHTTP.dll
0x00007ffb1b1e0000 - 0x00007ffb1b1f1000 	C:\Program Files\Java\jdk-10.0.1\bin\nio.dll

dbghelp: loaded successfully - version: 4.0.5 - missing functions: none
symbol engine: initialized successfully - sym options: 0x614 - pdb path: .;C:\Program Files\Java\jdk-10.0.1\bin;C:\Windows\SYSTEM32;C:\Program Files\AVAST Software\Avast\x64;C:\Windows\WinSxS\amd64_microsoft.windows.common-controls_6595b64144ccf1df_6.0.17134.228_none_fb4599993062b194;C:\Program Files\Java\jdk-10.0.1\bin\server

VM Arguments:
jvm_args: -agentlib:jdwp=transport=dt_socket,address=127.0.0.1:56041,suspend=y,server=n -javaagent:C:\Users\DELL\AppData\Local\Temp\capture2jars\debugger-agent.jar=file:/C:/Users/DELL/AppData/Local/Temp/capture.props -Dfile.encoding=UTF-8 
java_command: com.company.TimKiTuTrongMang
java_class_path (initial): F:\btJava\out\production\btJava;C:\Program Files\JetBrains\IntelliJ IDEA Community Edition 2018.1.6\lib\idea_rt.jar
Launcher Type: SUN_STANDARD

Logging:
Log output configuration:
#0: stdout all=warning uptime,level,tags
#1: stderr all=off uptime,level,tags

Environment Variables:
PATH=C:\Program Files (x86)\Common Files\Oracle\Java\javapath;C:\Program Files (x86)\Intel\Intel(R) Management Engine Components\iCLS\;C:\Program Files\Intel\Intel(R) Management Engine Components\iCLS\;C:\Windows\system32;C:\Windows;C:\Windows\System32\Wbem;C:\Windows\System32\WindowsPowerShell\v1.0\;C:\Windows\System32\OpenSSH\;C:\Program Files (x86)\Intel\Intel(R) Management Engine Components\DAL;C:\Program Files\Intel\Intel(R) Management Engine Components\DAL;C:\Program Files (x86)\Intel\Intel(R) Management Engine Components\IPT;C:\Program Files\Intel\Intel(R) Management Engine Components\IPT;C:\Program Files\Git\cmd;C:\Users\DELL\AppData\Local\Microsoft\WindowsApps;
USERNAME=DELL
OS=Windows_NT
PROCESSOR_IDENTIFIER=Intel64 Family 6 Model 142 Stepping 9, GenuineIntel



---------------  S Y S T E M  ---------------

OS: Windows 10 , 64 bit Build 17134 (10.0.17134.1)

CPU:total 4 (initial active 4) (2 cores per cpu, 2 threads per core) family 6 model 142 stepping 9, cmov, cx8, fxsr, mmx, sse, sse2, sse3, ssse3, sse4.1, sse4.2, popcnt, avx, avx2, aes, clmul, erms, 3dnowpref, lzcnt, ht, tsc, tscinvbit, bmi1, bmi2, adx, fma

Memory: 4k page, physical 8283796k(3745972k free), swap 9594516k(3536540k free)

vm_info: Java HotSpot(TM) 64-Bit Server VM (10.0.1+10) for windows-amd64 JRE (10.0.1+10), built on Mar 27 2018 02:27:48 by "mach5one" with MS VC++ 12.0 (VS2013)

END.
