#
# A fatal error has been detected by the Java Runtime Environment:
#
#  EXCEPTION_ACCESS_VIOLATION (0xc0000005) at pc=0x00000000641be993, pid=1904, tid=5680
#
# JRE version: Java(TM) SE Runtime Environment (10.0.1+10) (build 10.0.1+10)
# Java VM: Java HotSpot(TM) 64-Bit Server VM (10.0.1+10, mixed mode, tiered, compressed oops, g1 gc, windows-amd64)
# Problematic frame:
# V  [jvm.dll+0x22e993]
#
# No core dump will be written. Minidumps are not enabled by default on client versions of Windows
#
# If you would like to submit a bug report, please visit:
#   http://bugreport.java.com/bugreport/crash.jsp
#

---------------  S U M M A R Y ------------

Command Line: -agentlib:jdwp=transport=dt_socket,address=127.0.0.1:56922,suspend=y,server=n -javaagent:C:\Users\DELL\AppData\Local\Temp\capture320jars\debugger-agent.jar=file:/C:/Users/DELL/AppData/Local/Temp/capture.props -Dfile.encoding=UTF-8 com.company.daoChuoi

Host: Intel(R) Core(TM) i7-7500U CPU @ 2.70GHz, 4 cores, 7G,  Windows 10 , 64 bit Build 17134 (10.0.17134.1)
Time: Fri Aug 17 11:28:48 2018 Tomsk Standard Time elapsed time: 73593 seconds (0d 20h 26m 33s)

---------------  T H R E A D  ---------------

Current thread (0x000002d0df19c800):  VMThread "VM Thread" [stack: 0x000000d10ac00000,0x000000d10ad00000] [id=5680]

Stack: [0x000000d10ac00000,0x000000d10ad00000],  sp=0x000000d10acff3a8,  free space=1020k
Native frames: (J=compiled Java code, j=interpreted, Vv=VM code, C=native code)
V  [jvm.dll+0x22e993]


siginfo: EXCEPTION_ACCESS_VIOLATION (0xc0000005), reading address 0x000002d0df6722ca


Register to memory mapping:

RIP=0x00000000641be993 jvm.dll
RAX=0x0000000000007e28 is an unknown value
RBX=0x000002d0df633148 is pointing into metadata
RCX=0x000002d0df633698 is pointing into metadata
RDX=0x0000000000007e28 is an unknown value
RSP=0x000000d10acff3a8 is an unknown value
RBP=0x0000000000000001 is an unknown value
RSI=0x000000d10acff650 is an unknown value
RDI=0x000000d10acff650 is an unknown value
R8 =0x0000000000000000 is an unknown value
R9 =0x000002d0df633148 is pointing into metadata
R10=0x000002d0df633148 is pointing into metadata
R11=0x000000010006baa0 is pointing into metadata
R12=0x000000006470d601 jvm.dll
R13=0x0000000000000000 is an unknown value
R14=0x0000000000000001 is an unknown value
R15=0x0000000000000000 is an unknown value


Registers:
RAX=0x0000000000007e28, RBX=0x000002d0df633148, RCX=0x000002d0df633698, RDX=0x0000000000007e28
RSP=0x000000d10acff3a8, RBP=0x0000000000000001, RSI=0x000000d10acff650, RDI=0x000000d10acff650
R8 =0x0000000000000000, R9 =0x000002d0df633148, R10=0x000002d0df633148, R11=0x000000010006baa0
R12=0x000000006470d601, R13=0x0000000000000000, R14=0x0000000000000001, R15=0x0000000000000000
RIP=0x00000000641be993, EFLAGS=0x0000000000010202

Top of Stack: (sp=0x000000d10acff3a8)
0x000000d10acff3a8:   00000000642ad7c3 0000000000000000
0x000000d10acff3b8:   00000000640a4e7e 000000d10acff508
0x000000d10acff3c8:   0000000000000000 0000000000000000
0x000000d10acff3d8:   0000000064521b16 000000d10acff4a0
0x000000d10acff3e8:   00000000642ae513 00007718ec9deb84
0x000000d10acff3f8:   00000000000000e6 0000000000000000
0x000000d10acff408:   000000d10acff4a0 000000d10acff650
0x000000d10acff418:   00000000642afb40 000000d10acff650
0x000000d10acff428:   0000000000000003 0000000000000001
0x000000d10acff438:   00000000642b0ed4 0000002900000003
0x000000d10acff448:   000000b100000029 0000000000000000
0x000000d10acff458:   0000000000000008 000002d0df111550
0x000000d10acff468:   00000000642b01ce 000000d10acff650
0x000000d10acff478:   000000d10acff4d0 0000000000000000
0x000000d10acff488:   000002d0df111550 0000000000006001
0x000000d10acff498:   00000000642b2071 000002d0df633518 

Instructions: (pc=0x00000000641be993)
0x00000000641be973:   04 08 0f b7 c0 41 0f b7 44 c1 42 c3 48 63 c2 48
0x00000000641be983:   ff c0 48 c1 e0 05 48 8b 04 08 0f b7 d0 48 63 c2
0x00000000641be993:   41 0f b7 44 c1 42 c3 49 8b 41 08 48 63 ca 0f b6
0x00000000641be9a3:   44 08 04 3c 12 75 e6 41 0f b7 44 c9 42 c3 cc cc 


VM_Operation (0x000000d10b5ff090): GetOrSetLocal, mode: safepoint, requested by thread 0x000002d0dfb2f000


---------------  P R O C E S S  ---------------

Threads class SMR info:
_java_thread_list=0x000002d0dfd812a0, length=14, elements={
0x000002d0bddb5800, 0x000002d0df19f000, 0x000002d0df1a0000, 0x000002d0df9bc800,
0x000002d0df9bd000, 0x000002d0df9c1000, 0x000002d0df9c4000, 0x000002d0df9e0800,
0x000002d0df1ae000, 0x000002d0dfb2f000, 0x000002d0dfef1000, 0x000002d0dfcd2800,
0x000002d0e014c800, 0x000002d0dff2f000
}

Java Threads: ( => current thread )
  0x000002d0bddb5800 JavaThread "main" [_thread_blocked, id=8276, stack(0x000000d10a000000,0x000000d10a100000)]
  0x000002d0df19f000 JavaThread "Reference Handler" daemon [_thread_blocked, id=7860, stack(0x000000d10ad00000,0x000000d10ae00000)]
  0x000002d0df1a0000 JavaThread "Finalizer" daemon [_thread_blocked, id=7676, stack(0x000000d10ae00000,0x000000d10af00000)]
  0x000002d0df9bc800 JavaThread "Signal Dispatcher" daemon [_thread_blocked, id=2396, stack(0x000000d10af00000,0x000000d10b000000)]
  0x000002d0df9bd000 JavaThread "Attach Listener" daemon [_thread_blocked, id=10668, stack(0x000000d10b000000,0x000000d10b100000)]
  0x000002d0df9c1000 JavaThread "C2 CompilerThread0" daemon [_thread_blocked, id=2732, stack(0x000000d10b100000,0x000000d10b200000)]
  0x000002d0df9c4000 JavaThread "C2 CompilerThread1" daemon [_thread_blocked, id=12052, stack(0x000000d10b200000,0x000000d10b300000)]
  0x000002d0df9e0800 JavaThread "C1 CompilerThread2" daemon [_thread_blocked, id=11936, stack(0x000000d10b300000,0x000000d10b400000)]
  0x000002d0df1ae000 JavaThread "Sweeper thread" daemon [_thread_blocked, id=11332, stack(0x000000d10b400000,0x000000d10b500000)]
  0x000002d0dfb2f000 JavaThread "JDWP Transport Listener: dt_socket" daemon [_thread_blocked, id=7212, stack(0x000000d10b500000,0x000000d10b600000)] _threads_hazard_ptr=0x000002d0dfd812a0
  0x000002d0dfef1000 JavaThread "JDWP Event Helper Thread" daemon [_thread_blocked, id=7760, stack(0x000000d10b600000,0x000000d10b700000)]
  0x000002d0dfcd2800 JavaThread "JDWP Command Reader" daemon [_thread_in_native, id=1496, stack(0x000000d10b700000,0x000000d10b800000)]
  0x000002d0e014c800 JavaThread "Common-Cleaner" daemon [_thread_blocked, id=3376, stack(0x000000d10b800000,0x000000d10b900000)]
  0x000002d0dff2f000 JavaThread "Service Thread" daemon [_thread_blocked, id=10448, stack(0x000000d10b900000,0x000000d10ba00000)]

Other Threads:
=>0x000002d0df19c800 VMThread "VM Thread" [stack: 0x000000d10ac00000,0x000000d10ad00000] [id=5680]
  0x000002d0dfea7800 WatcherThread [stack: 0x000000d10ba00000,0x000000d10bb00000] [id=11644]
  0x000002d0bddce000 GCTaskThread "GC Thread#0" [stack: 0x000000d10a100000,0x000000d10a200000] [id=2144]
  0x000002d0bddd0800 GCTaskThread "GC Thread#1" [stack: 0x000000d10a200000,0x000000d10a300000] [id=8628]
  0x000002d0bddd2800 GCTaskThread "GC Thread#2" [stack: 0x000000d10a300000,0x000000d10a400000] [id=3188]
  0x000002d0bddd5000 GCTaskThread "GC Thread#3" [stack: 0x000000d10a400000,0x000000d10a500000] [id=1460]
  0x000002d0bde52800 ConcurrentGCThread "G1 Main Marker" [stack: 0x000000d10a500000,0x000000d10a600000] [id=1876]
  0x000002d0bde55800 ConcurrentGCThread "G1 Conc#0" [stack: 0x000000d10a600000,0x000000d10a700000] [id=6152]
  0x000002d0deff8800 ConcurrentGCThread "G1 Refine#0" [stack: 0x000000d10a700000,0x000000d10a800000] [id=5640]
  0x000002d0deff9000 ConcurrentGCThread "G1 Refine#1" [stack: 0x000000d10a800000,0x000000d10a900000] [id=11368]
  0x000002d0deffa000 ConcurrentGCThread "G1 Refine#2" [stack: 0x000000d10a900000,0x000000d10aa00000] [id=10324]
  0x000002d0df005000 ConcurrentGCThread "G1 Refine#3" [stack: 0x000000d10aa00000,0x000000d10ab00000] [id=11848]
  0x000002d0df008000 ConcurrentGCThread "G1 Young RemSet Sampling" [stack: 0x000000d10ab00000,0x000000d10ac00000] [id=9840]

Threads with active compile tasks:

VM state:at safepoint (normal execution)

VM Mutex/Monitor currently owned by a thread:  ([mutex/lock_event])
[0x000002d0bddb4f40] Threads_lock - owner thread: 0x000002d0df19c800

Heap address: 0x0000000081800000, size: 2024 MB, Compressed Oops mode: 32-bit
Narrow klass base: 0x0000000000000000, Narrow klass shift: 3
Compressed class space size: 1073741824 Address: 0x0000000100000000

Heap:
 garbage-first heap   total 131072K, used 2048K [0x0000000081800000, 0x0000000100000000)
  region size 1024K, 3 young (3072K), 0 survivors (0K)
 Metaspace       used 5196K, capacity 5328K, committed 5376K, reserved 1056768K
  class space    used 441K, capacity 496K, committed 512K, reserved 1048576K
Heap Regions: E=young(eden), S=young(survivor), O=old, HS=humongous(starts), HC=humongous(continues), CS=collection set, F=free, A=archive, TS=gc time stamp, AC=allocation context, TAMS=top-at-mark-start (previous, next)
|   0|0x0000000081800000, 0x0000000081800000, 0x0000000081900000|  0%| F|  |TS  0|AC  0|TAMS 0x0000000081800000, 0x0000000081800000|
|   1|0x0000000081900000, 0x0000000081900000, 0x0000000081a00000|  0%| F|  |TS  0|AC  0|TAMS 0x0000000081900000, 0x0000000081900000|
|   2|0x0000000081a00000, 0x0000000081a00000, 0x0000000081b00000|  0%| F|  |TS  0|AC  0|TAMS 0x0000000081a00000, 0x0000000081a00000|
|   3|0x0000000081b00000, 0x0000000081b00000, 0x0000000081c00000|  0%| F|  |TS  0|AC  0|TAMS 0x0000000081b00000, 0x0000000081b00000|
|   4|0x0000000081c00000, 0x0000000081c00000, 0x0000000081d00000|  0%| F|  |TS  0|AC  0|TAMS 0x0000000081c00000, 0x0000000081c00000|
|   5|0x0000000081d00000, 0x0000000081d00000, 0x0000000081e00000|  0%| F|  |TS  0|AC  0|TAMS 0x0000000081d00000, 0x0000000081d00000|
|   6|0x0000000081e00000, 0x0000000081e00000, 0x0000000081f00000|  0%| F|  |TS  0|AC  0|TAMS 0x0000000081e00000, 0x0000000081e00000|
|   7|0x0000000081f00000, 0x0000000081f00000, 0x0000000082000000|  0%| F|  |TS  0|AC  0|TAMS 0x0000000081f00000, 0x0000000081f00000|
|   8|0x0000000082000000, 0x0000000082000000, 0x0000000082100000|  0%| F|  |TS  0|AC  0|TAMS 0x0000000082000000, 0x0000000082000000|
|   9|0x0000000082100000, 0x0000000082100000, 0x0000000082200000|  0%| F|  |TS  0|AC  0|TAMS 0x0000000082100000, 0x0000000082100000|
|  10|0x0000000082200000, 0x0000000082200000, 0x0000000082300000|  0%| F|  |TS  0|AC  0|TAMS 0x0000000082200000, 0x0000000082200000|
|  11|0x0000000082300000, 0x0000000082300000, 0x0000000082400000|  0%| F|  |TS  0|AC  0|TAMS 0x0000000082300000, 0x0000000082300000|
|  12|0x0000000082400000, 0x0000000082400000, 0x0000000082500000|  0%| F|  |TS  0|AC  0|TAMS 0x0000000082400000, 0x0000000082400000|
|  13|0x0000000082500000, 0x0000000082500000, 0x0000000082600000|  0%| F|  |TS  0|AC  0|TAMS 0x0000000082500000, 0x0000000082500000|
|  14|0x0000000082600000, 0x0000000082600000, 0x0000000082700000|  0%| F|  |TS  0|AC  0|TAMS 0x0000000082600000, 0x0000000082600000|
|  15|0x0000000082700000, 0x0000000082700000, 0x0000000082800000|  0%| F|  |TS  0|AC  0|TAMS 0x0000000082700000, 0x0000000082700000|
|  16|0x0000000082800000, 0x0000000082800000, 0x0000000082900000|  0%| F|  |TS  0|AC  0|TAMS 0x0000000082800000, 0x0000000082800000|
|  17|0x0000000082900000, 0x0000000082900000, 0x0000000082a00000|  0%| F|  |TS  0|AC  0|TAMS 0x0000000082900000, 0x0000000082900000|
|  18|0x0000000082a00000, 0x0000000082a00000, 0x0000000082b00000|  0%| F|  |TS  0|AC  0|TAMS 0x0000000082a00000, 0x0000000082a00000|
|  19|0x0000000082b00000, 0x0000000082b00000, 0x0000000082c00000|  0%| F|  |TS  0|AC  0|TAMS 0x0000000082b00000, 0x0000000082b00000|
|  20|0x0000000082c00000, 0x0000000082c00000, 0x0000000082d00000|  0%| F|  |TS  0|AC  0|TAMS 0x0000000082c00000, 0x0000000082c00000|
|  21|0x0000000082d00000, 0x0000000082d00000, 0x0000000082e00000|  0%| F|  |TS  0|AC  0|TAMS 0x0000000082d00000, 0x0000000082d00000|
|  22|0x0000000082e00000, 0x0000000082e00000, 0x0000000082f00000|  0%| F|  |TS  0|AC  0|TAMS 0x0000000082e00000, 0x0000000082e00000|
|  23|0x0000000082f00000, 0x0000000082f00000, 0x0000000083000000|  0%| F|  |TS  0|AC  0|TAMS 0x0000000082f00000, 0x0000000082f00000|
|  24|0x0000000083000000, 0x0000000083000000, 0x0000000083100000|  0%| F|  |TS  0|AC  0|TAMS 0x0000000083000000, 0x0000000083000000|
|  25|0x0000000083100000, 0x0000000083100000, 0x0000000083200000|  0%| F|  |TS  0|AC  0|TAMS 0x0000000083100000, 0x0000000083100000|
|  26|0x0000000083200000, 0x0000000083200000, 0x0000000083300000|  0%| F|  |TS  0|AC  0|TAMS 0x0000000083200000, 0x0000000083200000|
|  27|0x0000000083300000, 0x0000000083300000, 0x0000000083400000|  0%| F|  |TS  0|AC  0|TAMS 0x0000000083300000, 0x0000000083300000|
|  28|0x0000000083400000, 0x0000000083400000, 0x0000000083500000|  0%| F|  |TS  0|AC  0|TAMS 0x0000000083400000, 0x0000000083400000|
|  29|0x0000000083500000, 0x0000000083500000, 0x0000000083600000|  0%| F|  |TS  0|AC  0|TAMS 0x0000000083500000, 0x0000000083500000|
|  30|0x0000000083600000, 0x0000000083600000, 0x0000000083700000|  0%| F|  |TS  0|AC  0|TAMS 0x0000000083600000, 0x0000000083600000|
|  31|0x0000000083700000, 0x0000000083700000, 0x0000000083800000|  0%| F|  |TS  0|AC  0|TAMS 0x0000000083700000, 0x0000000083700000|
|  32|0x0000000083800000, 0x0000000083800000, 0x0000000083900000|  0%| F|  |TS  0|AC  0|TAMS 0x0000000083800000, 0x0000000083800000|
|  33|0x0000000083900000, 0x0000000083900000, 0x0000000083a00000|  0%| F|  |TS  0|AC  0|TAMS 0x0000000083900000, 0x0000000083900000|
|  34|0x0000000083a00000, 0x0000000083a00000, 0x0000000083b00000|  0%| F|  |TS  0|AC  0|TAMS 0x0000000083a00000, 0x0000000083a00000|
|  35|0x0000000083b00000, 0x0000000083b00000, 0x0000000083c00000|  0%| F|  |TS  0|AC  0|TAMS 0x0000000083b00000, 0x0000000083b00000|
|  36|0x0000000083c00000, 0x0000000083c00000, 0x0000000083d00000|  0%| F|  |TS  0|AC  0|TAMS 0x0000000083c00000, 0x0000000083c00000|
|  37|0x0000000083d00000, 0x0000000083d00000, 0x0000000083e00000|  0%| F|  |TS  0|AC  0|TAMS 0x0000000083d00000, 0x0000000083d00000|
|  38|0x0000000083e00000, 0x0000000083e00000, 0x0000000083f00000|  0%| F|  |TS  0|AC  0|TAMS 0x0000000083e00000, 0x0000000083e00000|
|  39|0x0000000083f00000, 0x0000000083f00000, 0x0000000084000000|  0%| F|  |TS  0|AC  0|TAMS 0x0000000083f00000, 0x0000000083f00000|
|  40|0x0000000084000000, 0x0000000084000000, 0x0000000084100000|  0%| F|  |TS  0|AC  0|TAMS 0x0000000084000000, 0x0000000084000000|
|  41|0x0000000084100000, 0x0000000084100000, 0x0000000084200000|  0%| F|  |TS  0|AC  0|TAMS 0x0000000084100000, 0x0000000084100000|
|  42|0x0000000084200000, 0x0000000084200000, 0x0000000084300000|  0%| F|  |TS  0|AC  0|TAMS 0x0000000084200000, 0x0000000084200000|
|  43|0x0000000084300000, 0x0000000084300000, 0x0000000084400000|  0%| F|  |TS  0|AC  0|TAMS 0x0000000084300000, 0x0000000084300000|
|  44|0x0000000084400000, 0x0000000084400000, 0x0000000084500000|  0%| F|  |TS  0|AC  0|TAMS 0x0000000084400000, 0x0000000084400000|
|  45|0x0000000084500000, 0x0000000084500000, 0x0000000084600000|  0%| F|  |TS  0|AC  0|TAMS 0x0000000084500000, 0x0000000084500000|
|  46|0x0000000084600000, 0x0000000084600000, 0x0000000084700000|  0%| F|  |TS  0|AC  0|TAMS 0x0000000084600000, 0x0000000084600000|
|  47|0x0000000084700000, 0x0000000084700000, 0x0000000084800000|  0%| F|  |TS  0|AC  0|TAMS 0x0000000084700000, 0x0000000084700000|
|  48|0x0000000084800000, 0x0000000084800000, 0x0000000084900000|  0%| F|  |TS  0|AC  0|TAMS 0x0000000084800000, 0x0000000084800000|
|  49|0x0000000084900000, 0x0000000084900000, 0x0000000084a00000|  0%| F|  |TS  0|AC  0|TAMS 0x0000000084900000, 0x0000000084900000|
|  50|0x0000000084a00000, 0x0000000084a00000, 0x0000000084b00000|  0%| F|  |TS  0|AC  0|TAMS 0x0000000084a00000, 0x0000000084a00000|
|  51|0x0000000084b00000, 0x0000000084b00000, 0x0000000084c00000|  0%| F|  |TS  0|AC  0|TAMS 0x0000000084b00000, 0x0000000084b00000|
|  52|0x0000000084c00000, 0x0000000084c00000, 0x0000000084d00000|  0%| F|  |TS  0|AC  0|TAMS 0x0000000084c00000, 0x0000000084c00000|
|  53|0x0000000084d00000, 0x0000000084d00000, 0x0000000084e00000|  0%| F|  |TS  0|AC  0|TAMS 0x0000000084d00000, 0x0000000084d00000|
|  54|0x0000000084e00000, 0x0000000084e00000, 0x0000000084f00000|  0%| F|  |TS  0|AC  0|TAMS 0x0000000084e00000, 0x0000000084e00000|
|  55|0x0000000084f00000, 0x0000000084f00000, 0x0000000085000000|  0%| F|  |TS  0|AC  0|TAMS 0x0000000084f00000, 0x0000000084f00000|
|  56|0x0000000085000000, 0x0000000085000000, 0x0000000085100000|  0%| F|  |TS  0|AC  0|TAMS 0x0000000085000000, 0x0000000085000000|
|  57|0x0000000085100000, 0x0000000085100000, 0x0000000085200000|  0%| F|  |TS  0|AC  0|TAMS 0x0000000085100000, 0x0000000085100000|
|  58|0x0000000085200000, 0x0000000085200000, 0x0000000085300000|  0%| F|  |TS  0|AC  0|TAMS 0x0000000085200000, 0x0000000085200000|
|  59|0x0000000085300000, 0x0000000085300000, 0x0000000085400000|  0%| F|  |TS  0|AC  0|TAMS 0x0000000085300000, 0x0000000085300000|
|  60|0x0000000085400000, 0x0000000085400000, 0x0000000085500000|  0%| F|  |TS  0|AC  0|TAMS 0x0000000085400000, 0x0000000085400000|
|  61|0x0000000085500000, 0x0000000085500000, 0x0000000085600000|  0%| F|  |TS  0|AC  0|TAMS 0x0000000085500000, 0x0000000085500000|
|  62|0x0000000085600000, 0x0000000085600000, 0x0000000085700000|  0%| F|  |TS  0|AC  0|TAMS 0x0000000085600000, 0x0000000085600000|
|  63|0x0000000085700000, 0x0000000085700000, 0x0000000085800000|  0%| F|  |TS  0|AC  0|TAMS 0x0000000085700000, 0x0000000085700000|
|  64|0x0000000085800000, 0x0000000085800000, 0x0000000085900000|  0%| F|  |TS  0|AC  0|TAMS 0x0000000085800000, 0x0000000085800000|
|  65|0x0000000085900000, 0x0000000085900000, 0x0000000085a00000|  0%| F|  |TS  0|AC  0|TAMS 0x0000000085900000, 0x0000000085900000|
|  66|0x0000000085a00000, 0x0000000085a00000, 0x0000000085b00000|  0%| F|  |TS  0|AC  0|TAMS 0x0000000085a00000, 0x0000000085a00000|
|  67|0x0000000085b00000, 0x0000000085b00000, 0x0000000085c00000|  0%| F|  |TS  0|AC  0|TAMS 0x0000000085b00000, 0x0000000085b00000|
|  68|0x0000000085c00000, 0x0000000085c00000, 0x0000000085d00000|  0%| F|  |TS  0|AC  0|TAMS 0x0000000085c00000, 0x0000000085c00000|
|  69|0x0000000085d00000, 0x0000000085d00000, 0x0000000085e00000|  0%| F|  |TS  0|AC  0|TAMS 0x0000000085d00000, 0x0000000085d00000|
|  70|0x0000000085e00000, 0x0000000085e00000, 0x0000000085f00000|  0%| F|  |TS  0|AC  0|TAMS 0x0000000085e00000, 0x0000000085e00000|
|  71|0x0000000085f00000, 0x0000000085f00000, 0x0000000086000000|  0%| F|  |TS  0|AC  0|TAMS 0x0000000085f00000, 0x0000000085f00000|
|  72|0x0000000086000000, 0x0000000086000000, 0x0000000086100000|  0%| F|  |TS  0|AC  0|TAMS 0x0000000086000000, 0x0000000086000000|
|  73|0x0000000086100000, 0x0000000086100000, 0x0000000086200000|  0%| F|  |TS  0|AC  0|TAMS 0x0000000086100000, 0x0000000086100000|
|  74|0x0000000086200000, 0x0000000086200000, 0x0000000086300000|  0%| F|  |TS  0|AC  0|TAMS 0x0000000086200000, 0x0000000086200000|
|  75|0x0000000086300000, 0x0000000086300000, 0x0000000086400000|  0%| F|  |TS  0|AC  0|TAMS 0x0000000086300000, 0x0000000086300000|
|  76|0x0000000086400000, 0x0000000086400000, 0x0000000086500000|  0%| F|  |TS  0|AC  0|TAMS 0x0000000086400000, 0x0000000086400000|
|  77|0x0000000086500000, 0x0000000086500000, 0x0000000086600000|  0%| F|  |TS  0|AC  0|TAMS 0x0000000086500000, 0x0000000086500000|
|  78|0x0000000086600000, 0x0000000086600000, 0x0000000086700000|  0%| F|  |TS  0|AC  0|TAMS 0x0000000086600000, 0x0000000086600000|
|  79|0x0000000086700000, 0x0000000086700000, 0x0000000086800000|  0%| F|  |TS  0|AC  0|TAMS 0x0000000086700000, 0x0000000086700000|
|  80|0x0000000086800000, 0x0000000086800000, 0x0000000086900000|  0%| F|  |TS  0|AC  0|TAMS 0x0000000086800000, 0x0000000086800000|
|  81|0x0000000086900000, 0x0000000086900000, 0x0000000086a00000|  0%| F|  |TS  0|AC  0|TAMS 0x0000000086900000, 0x0000000086900000|
|  82|0x0000000086a00000, 0x0000000086a00000, 0x0000000086b00000|  0%| F|  |TS  0|AC  0|TAMS 0x0000000086a00000, 0x0000000086a00000|
|  83|0x0000000086b00000, 0x0000000086b00000, 0x0000000086c00000|  0%| F|  |TS  0|AC  0|TAMS 0x0000000086b00000, 0x0000000086b00000|
|  84|0x0000000086c00000, 0x0000000086c00000, 0x0000000086d00000|  0%| F|  |TS  0|AC  0|TAMS 0x0000000086c00000, 0x0000000086c00000|
|  85|0x0000000086d00000, 0x0000000086d00000, 0x0000000086e00000|  0%| F|  |TS  0|AC  0|TAMS 0x0000000086d00000, 0x0000000086d00000|
|  86|0x0000000086e00000, 0x0000000086e00000, 0x0000000086f00000|  0%| F|  |TS  0|AC  0|TAMS 0x0000000086e00000, 0x0000000086e00000|
|  87|0x0000000086f00000, 0x0000000086f00000, 0x0000000087000000|  0%| F|  |TS  0|AC  0|TAMS 0x0000000086f00000, 0x0000000086f00000|
|  88|0x0000000087000000, 0x0000000087000000, 0x0000000087100000|  0%| F|  |TS  0|AC  0|TAMS 0x0000000087000000, 0x0000000087000000|
|  89|0x0000000087100000, 0x0000000087100000, 0x0000000087200000|  0%| F|  |TS  0|AC  0|TAMS 0x0000000087100000, 0x0000000087100000|
|  90|0x0000000087200000, 0x0000000087200000, 0x0000000087300000|  0%| F|  |TS  0|AC  0|TAMS 0x0000000087200000, 0x0000000087200000|
|  91|0x0000000087300000, 0x0000000087300000, 0x0000000087400000|  0%| F|  |TS  0|AC  0|TAMS 0x0000000087300000, 0x0000000087300000|
|  92|0x0000000087400000, 0x0000000087400000, 0x0000000087500000|  0%| F|  |TS  0|AC  0|TAMS 0x0000000087400000, 0x0000000087400000|
|  93|0x0000000087500000, 0x0000000087500000, 0x0000000087600000|  0%| F|  |TS  0|AC  0|TAMS 0x0000000087500000, 0x0000000087500000|
|  94|0x0000000087600000, 0x0000000087600000, 0x0000000087700000|  0%| F|  |TS  0|AC  0|TAMS 0x0000000087600000, 0x0000000087600000|
|  95|0x0000000087700000, 0x0000000087700000, 0x0000000087800000|  0%| F|  |TS  0|AC  0|TAMS 0x0000000087700000, 0x0000000087700000|
|  96|0x0000000087800000, 0x0000000087800000, 0x0000000087900000|  0%| F|  |TS  0|AC  0|TAMS 0x0000000087800000, 0x0000000087800000|
|  97|0x0000000087900000, 0x0000000087900000, 0x0000000087a00000|  0%| F|  |TS  0|AC  0|TAMS 0x0000000087900000, 0x0000000087900000|
|  98|0x0000000087a00000, 0x0000000087a00000, 0x0000000087b00000|  0%| F|  |TS  0|AC  0|TAMS 0x0000000087a00000, 0x0000000087a00000|
|  99|0x0000000087b00000, 0x0000000087b00000, 0x0000000087c00000|  0%| F|  |TS  0|AC  0|TAMS 0x0000000087b00000, 0x0000000087b00000|
| 100|0x0000000087c00000, 0x0000000087c00000, 0x0000000087d00000|  0%| F|  |TS  0|AC  0|TAMS 0x0000000087c00000, 0x0000000087c00000|
| 101|0x0000000087d00000, 0x0000000087d00000, 0x0000000087e00000|  0%| F|  |TS  0|AC  0|TAMS 0x0000000087d00000, 0x0000000087d00000|
| 102|0x0000000087e00000, 0x0000000087e00000, 0x0000000087f00000|  0%| F|  |TS  0|AC  0|TAMS 0x0000000087e00000, 0x0000000087e00000|
| 103|0x0000000087f00000, 0x0000000087f00000, 0x0000000088000000|  0%| F|  |TS  0|AC  0|TAMS 0x0000000087f00000, 0x0000000087f00000|
| 104|0x0000000088000000, 0x0000000088000000, 0x0000000088100000|  0%| F|  |TS  0|AC  0|TAMS 0x0000000088000000, 0x0000000088000000|
| 105|0x0000000088100000, 0x0000000088100000, 0x0000000088200000|  0%| F|  |TS  0|AC  0|TAMS 0x0000000088100000, 0x0000000088100000|
| 106|0x0000000088200000, 0x0000000088200000, 0x0000000088300000|  0%| F|  |TS  0|AC  0|TAMS 0x0000000088200000, 0x0000000088200000|
| 107|0x0000000088300000, 0x0000000088300000, 0x0000000088400000|  0%| F|  |TS  0|AC  0|TAMS 0x0000000088300000, 0x0000000088300000|
| 108|0x0000000088400000, 0x0000000088400000, 0x0000000088500000|  0%| F|  |TS  0|AC  0|TAMS 0x0000000088400000, 0x0000000088400000|
| 109|0x0000000088500000, 0x0000000088500000, 0x0000000088600000|  0%| F|  |TS  0|AC  0|TAMS 0x0000000088500000, 0x0000000088500000|
| 110|0x0000000088600000, 0x0000000088600000, 0x0000000088700000|  0%| F|  |TS  0|AC  0|TAMS 0x0000000088600000, 0x0000000088600000|
| 111|0x0000000088700000, 0x0000000088700000, 0x0000000088800000|  0%| F|  |TS  0|AC  0|TAMS 0x0000000088700000, 0x0000000088700000|
| 112|0x0000000088800000, 0x0000000088800000, 0x0000000088900000|  0%| F|  |TS  0|AC  0|TAMS 0x0000000088800000, 0x0000000088800000|
| 113|0x0000000088900000, 0x0000000088900000, 0x0000000088a00000|  0%| F|  |TS  0|AC  0|TAMS 0x0000000088900000, 0x0000000088900000|
| 114|0x0000000088a00000, 0x0000000088a00000, 0x0000000088b00000|  0%| F|  |TS  0|AC  0|TAMS 0x0000000088a00000, 0x0000000088a00000|
| 115|0x0000000088b00000, 0x0000000088b00000, 0x0000000088c00000|  0%| F|  |TS  0|AC  0|TAMS 0x0000000088b00000, 0x0000000088b00000|
| 116|0x0000000088c00000, 0x0000000088c00000, 0x0000000088d00000|  0%| F|  |TS  0|AC  0|TAMS 0x0000000088c00000, 0x0000000088c00000|
| 117|0x0000000088d00000, 0x0000000088d00000, 0x0000000088e00000|  0%| F|  |TS  0|AC  0|TAMS 0x0000000088d00000, 0x0000000088d00000|
| 118|0x0000000088e00000, 0x0000000088e00000, 0x0000000088f00000|  0%| F|  |TS  0|AC  0|TAMS 0x0000000088e00000, 0x0000000088e00000|
| 119|0x0000000088f00000, 0x0000000088f00000, 0x0000000089000000|  0%| F|  |TS  0|AC  0|TAMS 0x0000000088f00000, 0x0000000088f00000|
| 120|0x0000000089000000, 0x0000000089000000, 0x0000000089100000|  0%| F|  |TS  0|AC  0|TAMS 0x0000000089000000, 0x0000000089000000|
| 121|0x0000000089100000, 0x0000000089100000, 0x0000000089200000|  0%| F|  |TS  0|AC  0|TAMS 0x0000000089100000, 0x0000000089100000|
| 122|0x0000000089200000, 0x0000000089200000, 0x0000000089300000|  0%| F|  |TS  0|AC  0|TAMS 0x0000000089200000, 0x0000000089200000|
| 123|0x0000000089300000, 0x0000000089300000, 0x0000000089400000|  0%| F|  |TS  0|AC  0|TAMS 0x0000000089300000, 0x0000000089300000|
| 124|0x0000000089400000, 0x0000000089400000, 0x0000000089500000|  0%| F|  |TS  0|AC  0|TAMS 0x0000000089400000, 0x0000000089400000|
| 125|0x0000000089500000, 0x00000000895d7d10, 0x0000000089600000| 84%| E|  |TS  0|AC  0|TAMS 0x0000000089500000, 0x0000000089500000|
| 126|0x0000000089600000, 0x0000000089700000, 0x0000000089700000|100%| E|CS|TS  0|AC  0|TAMS 0x0000000089600000, 0x0000000089600000|
| 127|0x0000000089700000, 0x0000000089800000, 0x0000000089800000|100%| E|CS|TS  0|AC  0|TAMS 0x0000000089700000, 0x0000000089700000|

Card table byte_map: [0x000002d0d8540000,0x000002d0d8940000] byte_map_base: 0x000002d0d8134000

Marking Bits (Prev, Next): (CMBitMap*) 0x000002d0bde52210, (CMBitMap*) 0x000002d0bde52248
 Prev Bits: [0x000002d0d8d40000, 0x000002d0dace0000)
 Next Bits: [0x000002d0dace0000, 0x000002d0dcc80000)

Polling page: 0x000002d0bbc80000

CodeHeap 'non-profiled nmethods': size=120064Kb used=71Kb max_used=71Kb free=119992Kb
 bounds [0x000002d0d0c00000, 0x000002d0d0e70000, 0x000002d0d8140000]
CodeHeap 'profiled nmethods': size=120000Kb used=269Kb max_used=269Kb free=119731Kb
 bounds [0x000002d0c96d0000, 0x000002d0c9940000, 0x000002d0d0c00000]
CodeHeap 'non-nmethods': size=5696Kb used=1099Kb max_used=1110Kb free=4596Kb
 bounds [0x000002d0c9140000, 0x000002d0c93b0000, 0x000002d0c96d0000]
 total_blobs=574 nmethods=206 adapters=207
 compilation: enabled

Compilation events (10 events):
Event: 0.239 Thread 0x000002d0df9c4000  202       4       java.lang.String::charAt (25 bytes)
Event: 0.239 Thread 0x000002d0df9e0800  203       3       java.lang.StringLatin1::newString (17 bytes)
Event: 0.239 Thread 0x000002d0df9e0800 nmethod 203 0x000002d0c9711d10 code [0x000002d0c9711ee0, 0x000002d0c9712210]
Event: 0.240 Thread 0x000002d0df9c4000 nmethod 202 0x000002d0d0c11810 code [0x000002d0d0c119a0, 0x000002d0d0c11af8]
Event: 0.247 Thread 0x000002d0df9e0800  204       3       java.lang.String::charAt (25 bytes)
Event: 0.247 Thread 0x000002d0df9c4000  205       4       java.lang.StringLatin1::charAt (28 bytes)
Event: 0.248 Thread 0x000002d0df9e0800 nmethod 204 0x000002d0c9712310 code [0x000002d0c9712520, 0x000002d0c9712aa0]
Event: 0.248 Thread 0x000002d0df9e0800  206       3       sun.nio.fs.WindowsPathParser::isInvalidPathChar (22 bytes)
Event: 0.248 Thread 0x000002d0df9c4000 nmethod 205 0x000002d0d0c11c10 code [0x000002d0d0c11da0, 0x000002d0d0c11e78]
Event: 0.248 Thread 0x000002d0df9e0800 nmethod 206 0x000002d0c9712d10 code [0x000002d0c9712f00, 0x000002d0c97132b0]

GC Heap History (0 events):
No events

Deoptimization events (3 events):
Event: 0.171 Thread 0x000002d0bddb5800 Uncommon trap: reason=unstable_if action=reinterpret pc=0x000002d0d0c03908 method=java.lang.String.hashCode()I @ 14 c2
Event: 0.189 Thread 0x000002d0bddb5800 Uncommon trap: reason=unstable_if action=reinterpret pc=0x000002d0d0c0edfc method=java.lang.String.isLatin1()Z @ 10 c2
Event: 0.247 Thread 0x000002d0bddb5800 Uncommon trap: reason=unstable_if action=reinterpret pc=0x000002d0d0c11a7c method=java.lang.String.charAt(I)C @ 4 c2

Classes redefined (6 events):
Event: 15.124 Thread 0x000002d0df19c800 redefined class name=com.company.daoChuoi, count=1
Event: 67315.946 Thread 0x000002d0df19c800 redefined class name=com.company.daoChuoi, count=2
Event: 67327.918 Thread 0x000002d0df19c800 redefined class name=com.company.daoChuoi, count=3
Event: 67361.202 Thread 0x000002d0df19c800 redefined class name=com.company.daoChuoi, count=4
Event: 67373.168 Thread 0x000002d0df19c800 redefined class name=com.company.daoChuoi, count=5
Event: 68431.595 Thread 0x000002d0df19c800 redefined class name=com.company.daoChuoi, count=6

Internal exceptions (0 events):
No events

Events (10 events):
Event: 73593.383 Executing VM operation: GetFrameLocation done
Event: 73593.388 Executing VM operation: ChangeBreakpoints
Event: 73593.388 Executing VM operation: ChangeBreakpoints done
Event: 73593.389 Executing VM operation: ChangeBreakpoints
Event: 73593.389 Executing VM operation: ChangeBreakpoints done
Event: 73593.389 Executing VM operation: ChangeBreakpoints
Event: 73593.390 Executing VM operation: ChangeBreakpoints done
Event: 73593.390 Executing VM operation: ChangeBreakpoints
Event: 73593.390 Executing VM operation: ChangeBreakpoints done
Event: 73593.391 Executing VM operation: GetOrSetLocal


Dynamic libraries:
0x00007ff6e74c0000 - 0x00007ff6e74fe000 	C:\Program Files\Java\jdk-10.0.1\bin\java.exe
0x00007fff76e90000 - 0x00007fff77071000 	C:\Windows\SYSTEM32\ntdll.dll
0x00007fff5d980000 - 0x00007fff5d9b4000 	C:\Program Files\AVAST Software\Avast\x64\aswhooka.dll
0x00007fff74c80000 - 0x00007fff74d32000 	C:\Windows\System32\KERNEL32.DLL
0x00007fff73750000 - 0x00007fff739c3000 	C:\Windows\System32\KERNELBASE.dll
0x00007fff744d0000 - 0x00007fff74571000 	C:\Windows\System32\ADVAPI32.dll
0x00007fff768b0000 - 0x00007fff7694e000 	C:\Windows\System32\msvcrt.dll
0x00007fff74900000 - 0x00007fff7495b000 	C:\Windows\System32\sechost.dll
0x00007fff76d30000 - 0x00007fff76e54000 	C:\Windows\System32\RPCRT4.dll
0x00007fff74690000 - 0x00007fff74820000 	C:\Windows\System32\USER32.dll
0x00007fff739d0000 - 0x00007fff739f0000 	C:\Windows\System32\win32u.dll
0x00007fff74820000 - 0x00007fff74848000 	C:\Windows\System32\GDI32.dll
0x00007fff74180000 - 0x00007fff74312000 	C:\Windows\System32\gdi32full.dll
0x00007fff73660000 - 0x00007fff736ff000 	C:\Windows\System32\msvcp_win.dll
0x00007fff73310000 - 0x00007fff7340a000 	C:\Windows\System32\ucrtbase.dll
0x00007fff6b160000 - 0x00007fff6b3c9000 	C:\Windows\WinSxS\amd64_microsoft.windows.common-controls_6595b64144ccf1df_6.0.17134.228_none_fb4599993062b194\COMCTL32.dll
0x00007fff76950000 - 0x00007fff76c73000 	C:\Windows\System32\combase.dll
0x00007fff74100000 - 0x00007fff7417a000 	C:\Windows\System32\bcryptPrimitives.dll
0x00007fff6b4b0000 - 0x00007fff6b4ba000 	C:\Windows\SYSTEM32\VERSION.dll
0x00007fff74d40000 - 0x00007fff74d6d000 	C:\Windows\System32\IMM32.DLL
0x00007fff6dfa0000 - 0x00007fff6e08f000 	C:\Program Files\Java\jdk-10.0.1\bin\msvcr120.dll
0x00007fff63fb0000 - 0x00007fff64056000 	C:\Program Files\Java\jdk-10.0.1\bin\msvcp120.dll
0x0000000063f90000 - 0x0000000064a00000 	C:\Program Files\Java\jdk-10.0.1\bin\server\jvm.dll
0x00007fff74850000 - 0x00007fff74858000 	C:\Windows\System32\PSAPI.DLL
0x00007fff6fa90000 - 0x00007fff6fa99000 	C:\Windows\SYSTEM32\WSOCK32.dll
0x00007fff74d70000 - 0x00007fff74ddc000 	C:\Windows\System32\WS2_32.dll
0x00007fff69e50000 - 0x00007fff69e73000 	C:\Windows\SYSTEM32\WINMM.dll
0x00007fff69e20000 - 0x00007fff69e4a000 	C:\Windows\SYSTEM32\WINMMBASE.dll
0x00007fff73700000 - 0x00007fff73749000 	C:\Windows\System32\cfgmgr32.dll
0x00007fff70780000 - 0x00007fff7078f000 	C:\Program Files\Java\jdk-10.0.1\bin\verify.dll
0x00007fff71c90000 - 0x00007fff71e59000 	C:\Windows\SYSTEM32\DBGHELP.DLL
0x00007fff6d040000 - 0x00007fff6d069000 	C:\Windows\SYSTEM32\dbgcore.DLL
0x00007fff6df70000 - 0x00007fff6df97000 	C:\Program Files\Java\jdk-10.0.1\bin\java.dll
0x00007fff69800000 - 0x00007fff69836000 	C:\Program Files\Java\jdk-10.0.1\bin\jdwp.dll
0x00007fff643d0000 - 0x00007fff643fa000 	C:\Program Files\Java\jdk-10.0.1\bin\instrument.dll
0x00007fff6df50000 - 0x00007fff6df66000 	C:\Program Files\Java\jdk-10.0.1\bin\zip.dll
0x00007fff6d8f0000 - 0x00007fff6d8fa000 	C:\Program Files\Java\jdk-10.0.1\bin\jimage.dll
0x00007fff75310000 - 0x00007fff76750000 	C:\Windows\System32\SHELL32.dll
0x00007fff76c80000 - 0x00007fff76d29000 	C:\Windows\System32\shcore.dll
0x00007fff739f0000 - 0x00007fff740fd000 	C:\Windows\System32\windows.storage.dll
0x00007fff74620000 - 0x00007fff74671000 	C:\Windows\System32\shlwapi.dll
0x00007fff73220000 - 0x00007fff73231000 	C:\Windows\System32\kernel.appcore.dll
0x00007fff73240000 - 0x00007fff7325f000 	C:\Windows\System32\profapi.dll
0x00007fff731a0000 - 0x00007fff731ec000 	C:\Windows\System32\powrprof.dll
0x00007fff73210000 - 0x00007fff7321a000 	C:\Windows\System32\FLTLIB.DLL
0x00007fff6d8b0000 - 0x00007fff6d8ba000 	C:\Program Files\Java\jdk-10.0.1\bin\dt_socket.dll
0x00007fff729c0000 - 0x00007fff72a26000 	C:\Windows\system32\mswsock.dll
0x00007fff6d210000 - 0x00007fff6d22a000 	C:\Program Files\Java\jdk-10.0.1\bin\net.dll
0x00007fff6ed70000 - 0x00007fff6ee4c000 	C:\Windows\SYSTEM32\WINHTTP.dll
0x00007fff63f90000 - 0x00007fff63fa1000 	C:\Program Files\Java\jdk-10.0.1\bin\nio.dll

dbghelp: loaded successfully - version: 4.0.5 - missing functions: none
symbol engine: initialized successfully - sym options: 0x614 - pdb path: .;C:\Program Files\Java\jdk-10.0.1\bin;C:\Windows\SYSTEM32;C:\Program Files\AVAST Software\Avast\x64;C:\Windows\WinSxS\amd64_microsoft.windows.common-controls_6595b64144ccf1df_6.0.17134.228_none_fb4599993062b194;C:\Program Files\Java\jdk-10.0.1\bin\server

VM Arguments:
jvm_args: -agentlib:jdwp=transport=dt_socket,address=127.0.0.1:56922,suspend=y,server=n -javaagent:C:\Users\DELL\AppData\Local\Temp\capture320jars\debugger-agent.jar=file:/C:/Users/DELL/AppData/Local/Temp/capture.props -Dfile.encoding=UTF-8 
java_command: com.company.daoChuoi
java_class_path (initial): F:\btJava\out\production\btJava;C:\Program Files\JetBrains\IntelliJ IDEA Community Edition 2018.1.6\lib\idea_rt.jar
Launcher Type: SUN_STANDARD

Logging:
Log output configuration:
#0: stdout all=warning uptime,level,tags
#1: stderr all=off uptime,level,tags

Environment Variables:
PATH=C:\Program Files (x86)\Common Files\Oracle\Java\javapath;C:\Program Files (x86)\Intel\Intel(R) Management Engine Components\iCLS\;C:\Program Files\Intel\Intel(R) Management Engine Components\iCLS\;C:\Windows\system32;C:\Windows;C:\Windows\System32\Wbem;C:\Windows\System32\WindowsPowerShell\v1.0\;C:\Windows\System32\OpenSSH\;C:\Program Files (x86)\Intel\Intel(R) Management Engine Components\DAL;C:\Program Files\Intel\Intel(R) Management Engine Components\DAL;C:\Program Files (x86)\Intel\Intel(R) Management Engine Components\IPT;C:\Program Files\Intel\Intel(R) Management Engine Components\IPT;C:\Program Files\Git\cmd;C:\Users\DELL\AppData\Local\Microsoft\WindowsApps;
USERNAME=DELL
OS=Windows_NT
PROCESSOR_IDENTIFIER=Intel64 Family 6 Model 142 Stepping 9, GenuineIntel



---------------  S Y S T E M  ---------------

OS: Windows 10 , 64 bit Build 17134 (10.0.17134.1)

CPU:total 4 (initial active 4) (2 cores per cpu, 2 threads per core) family 6 model 142 stepping 9, cmov, cx8, fxsr, mmx, sse, sse2, sse3, ssse3, sse4.1, sse4.2, popcnt, avx, avx2, aes, clmul, erms, 3dnowpref, lzcnt, ht, tsc, tscinvbit, bmi1, bmi2, adx, fma

Memory: 4k page, physical 8283796k(3288572k free), swap 9594516k(2588384k free)

vm_info: Java HotSpot(TM) 64-Bit Server VM (10.0.1+10) for windows-amd64 JRE (10.0.1+10), built on Mar 27 2018 02:27:48 by "mach5one" with MS VC++ 12.0 (VS2013)

END.
