#
# A fatal error has been detected by the Java Runtime Environment:
#
#  Internal Error (t:/workspace/open/src/hotspot/share/oops/generateOopMap.cpp:2162), pid=12812, tid=11552
#  fatal error: Illegal class file encountered. Try running with -Xverify:all in method main
#
# JRE version: Java(TM) SE Runtime Environment (10.0.1+10) (build 10.0.1+10)
# Java VM: Java HotSpot(TM) 64-Bit Server VM (10.0.1+10, mixed mode, tiered, compressed oops, g1 gc, windows-amd64)
# No core dump will be written. Minidumps are not enabled by default on client versions of Windows
#
# If you would like to submit a bug report, please visit:
#   http://bugreport.java.com/bugreport/crash.jsp
#

---------------  S U M M A R Y ------------

Command Line: -agentlib:jdwp=transport=dt_socket,address=127.0.0.1:54880,suspend=y,server=n -javaagent:C:\Users\DELL\AppData\Local\Temp\capturejars\debugger-agent.jar=file:/C:/Users/DELL/AppData/Local/Temp/capture.props -Dfile.encoding=UTF-8 com.company.Tim2SoBeNhat

Host: Intel(R) Core(TM) i7-7500U CPU @ 2.70GHz, 4 cores, 7G,  Windows 10 , 64 bit Build 17134 (10.0.17134.1)
Time: Thu Aug 23 23:12:14 2018 Tomsk Standard Time elapsed time: 95389 seconds (1d 2h 29m 49s)

---------------  T H R E A D  ---------------

Current thread (0x000001c89a7a5000):  VMThread "VM Thread" [stack: 0x000000b0be500000,0x000000b0be600000] [id=11552]

Stack: [0x000000b0be500000,0x000000b0be600000]
[error occurred during error reporting (printing stack bounds), id 0xe0000000]

Native frames: (J=compiled Java code, j=interpreted, Vv=VM code, C=native code)
V  [jvm.dll+0x5a0369]
V  [jvm.dll+0x6bcf81]
V  [jvm.dll+0x6be176]
V  [jvm.dll+0x6be765]
V  [jvm.dll+0x6be71b]
V  [jvm.dll+0x59fb63]
V  [jvm.dll+0x59ff68]
C  [ntdll.dll+0x9eced]
C  [ntdll.dll+0x6c86]
C  [ntdll.dll+0x9dc1e]
C  0x000001c88b2b0ead

VM_Operation (0x000000b0beeff7e0): GetOrSetLocal, mode: safepoint, requested by thread 0x000001c89b561800


---------------  P R O C E S S  ---------------

Threads class SMR info:
_java_thread_list=0x000001c89b75eac0, length=14, elements={
0x000001c8f7395800, 0x000001c89a7ab800, 0x000001c89a7b6000, 0x000001c89b112800,
0x000001c89b113800, 0x000001c89a7c6000, 0x000001c89a7d0800, 0x000001c89a7db800,
0x000001c89b1a1000, 0x000001c89b561800, 0x000001c89b6e9800, 0x000001c89b45c800,
0x000001c89b50d800, 0x000001c89b525000
}

Java Threads: ( => current thread )
  0x000001c8f7395800 JavaThread "main" [_thread_blocked, id=3520, stack(0x000000b0bd900000,0x000000b0bda00000)]
  0x000001c89a7ab800 JavaThread "Reference Handler" daemon [_thread_blocked, id=11584, stack(0x000000b0be600000,0x000000b0be700000)]
  0x000001c89a7b6000 JavaThread "Finalizer" daemon [_thread_blocked, id=10972, stack(0x000000b0be700000,0x000000b0be800000)]
  0x000001c89b112800 JavaThread "Signal Dispatcher" daemon [_thread_blocked, id=9448, stack(0x000000b0be800000,0x000000b0be900000)]
  0x000001c89b113800 JavaThread "Attach Listener" daemon [_thread_blocked, id=1244, stack(0x000000b0be900000,0x000000b0bea00000)]
  0x000001c89a7c6000 JavaThread "C2 CompilerThread0" daemon [_thread_blocked, id=12320, stack(0x000000b0bea00000,0x000000b0beb00000)]
  0x000001c89a7d0800 JavaThread "C2 CompilerThread1" daemon [_thread_blocked, id=11360, stack(0x000000b0beb00000,0x000000b0bec00000)]
  0x000001c89a7db800 JavaThread "C1 CompilerThread2" daemon [_thread_blocked, id=9732, stack(0x000000b0bec00000,0x000000b0bed00000)]
  0x000001c89b1a1000 JavaThread "Sweeper thread" daemon [_thread_blocked, id=12964, stack(0x000000b0bed00000,0x000000b0bee00000)]
  0x000001c89b561800 JavaThread "JDWP Transport Listener: dt_socket" daemon [_thread_blocked, id=3516, stack(0x000000b0bee00000,0x000000b0bef00000)] _threads_hazard_ptr=0x000001c89b75eac0
  0x000001c89b6e9800 JavaThread "JDWP Event Helper Thread" daemon [_thread_blocked, id=4056, stack(0x000000b0bef00000,0x000000b0bf000000)]
  0x000001c89b45c800 JavaThread "JDWP Command Reader" daemon [_thread_in_native, id=10432, stack(0x000000b0bf000000,0x000000b0bf100000)]
  0x000001c89b50d800 JavaThread "Common-Cleaner" daemon [_thread_blocked, id=9552, stack(0x000000b0bf100000,0x000000b0bf200000)]
  0x000001c89b525000 JavaThread "Service Thread" daemon [_thread_blocked, id=12536, stack(0x000000b0bf200000,0x000000b0bf300000)]

Other Threads:
=>0x000001c89a7a5000 VMThread "VM Thread" [stack: 0x000000b0be500000,0x000000b0be600000] [id=11552]
  0x000001c89b500800 WatcherThread [stack: 0x000000b0bf300000,0x000000b0bf400000] [id=11516]
  0x000001c8f73af000 GCTaskThread "GC Thread#0" [stack: 0x000000b0bda00000,0x000000b0bdb00000] [id=11496]
  0x000001c8f73b0800 GCTaskThread "GC Thread#1" [stack: 0x000000b0bdb00000,0x000000b0bdc00000] [id=13256]
  0x000001c8f73b2800 GCTaskThread "GC Thread#2" [stack: 0x000000b0bdc00000,0x000000b0bdd00000] [id=13296]
  0x000001c8f73b5000 GCTaskThread "GC Thread#3" [stack: 0x000000b0bdd00000,0x000000b0bde00000] [id=1484]
  0x000001c8f7426800 ConcurrentGCThread "G1 Main Marker" [stack: 0x000000b0bde00000,0x000000b0bdf00000] [id=12788]
  0x000001c8f7429800 ConcurrentGCThread "G1 Conc#0" [stack: 0x000000b0bdf00000,0x000000b0be000000] [id=10516]
  0x000001c89a61b800 ConcurrentGCThread "G1 Refine#0" [stack: 0x000000b0be000000,0x000000b0be100000] [id=4808]
  0x000001c89a61c800 ConcurrentGCThread "G1 Refine#1" [stack: 0x000000b0be100000,0x000000b0be200000] [id=8612]
  0x000001c89a61e800 ConcurrentGCThread "G1 Refine#2" [stack: 0x000000b0be200000,0x000000b0be300000] [id=12636]
  0x000001c89a626000 ConcurrentGCThread "G1 Refine#3" [stack: 0x000000b0be300000,0x000000b0be400000] [id=3224]
  0x000001c89a639000 ConcurrentGCThread "G1 Young RemSet Sampling" [stack: 0x000000b0be400000,0x000000b0be500000] [id=612]

Threads with active compile tasks:

VM state:at safepoint (normal execution)

VM Mutex/Monitor currently owned by a thread:  ([mutex/lock_event])
[0x000001c8f7393560] Threads_lock - owner thread: 0x000001c89a7a5000

Heap address: 0x0000000081800000, size: 2024 MB, Compressed Oops mode: 32-bit
Narrow klass base: 0x0000000000000000, Narrow klass shift: 3
Compressed class space size: 1073741824 Address: 0x0000000100000000

Heap:
 garbage-first heap   total 131072K, used 4096K [0x0000000081800000, 0x0000000100000000)
  region size 1024K, 5 young (5120K), 0 survivors (0K)
 Metaspace       used 7208K, capacity 7410K, committed 7680K, reserved 1056768K
  class space    used 600K, capacity 662K, committed 768K, reserved 1048576K
Heap Regions: E=young(eden), S=young(survivor), O=old, HS=humongous(starts), HC=humongous(continues), CS=collection set, F=free, A=archive, TS=gc time stamp, AC=allocation context, TAMS=top-at-mark-start (previous, next)
|   0|0x0000000081800000, 0x0000000081800000, 0x0000000081900000|  0%| F|  |TS  0|AC  0|TAMS 0x0000000081800000, 0x0000000081800000|
|   1|0x0000000081900000, 0x0000000081900000, 0x0000000081a00000|  0%| F|  |TS  0|AC  0|TAMS 0x0000000081900000, 0x0000000081900000|
|   2|0x0000000081a00000, 0x0000000081a00000, 0x0000000081b00000|  0%| F|  |TS  0|AC  0|TAMS 0x0000000081a00000, 0x0000000081a00000|
|   3|0x0000000081b00000, 0x0000000081b00000, 0x0000000081c00000|  0%| F|  |TS  0|AC  0|TAMS 0x0000000081b00000, 0x0000000081b00000|
|   4|0x0000000081c00000, 0x0000000081c00000, 0x0000000081d00000|  0%| F|  |TS  0|AC  0|TAMS 0x0000000081c00000, 0x0000000081c00000|
|   5|0x0000000081d00000, 0x0000000081d00000, 0x0000000081e00000|  0%| F|  |TS  0|AC  0|TAMS 0x0000000081d00000, 0x0000000081d00000|
|   6|0x0000000081e00000, 0x0000000081e00000, 0x0000000081f00000|  0%| F|  |TS  0|AC  0|TAMS 0x0000000081e00000, 0x0000000081e00000|
|   7|0x0000000081f00000, 0x0000000081f00000, 0x0000000082000000|  0%| F|  |TS  0|AC  0|TAMS 0x0000000081f00000, 0x0000000081f00000|
|   8|0x0000000082000000, 0x0000000082000000, 0x0000000082100000|  0%| F|  |TS  0|AC  0|TAMS 0x0000000082000000, 0x0000000082000000|
|   9|0x0000000082100000, 0x0000000082100000, 0x0000000082200000|  0%| F|  |TS  0|AC  0|TAMS 0x0000000082100000, 0x0000000082100000|
|  10|0x0000000082200000, 0x0000000082200000, 0x0000000082300000|  0%| F|  |TS  0|AC  0|TAMS 0x0000000082200000, 0x0000000082200000|
|  11|0x0000000082300000, 0x0000000082300000, 0x0000000082400000|  0%| F|  |TS  0|AC  0|TAMS 0x0000000082300000, 0x0000000082300000|
|  12|0x0000000082400000, 0x0000000082400000, 0x0000000082500000|  0%| F|  |TS  0|AC  0|TAMS 0x0000000082400000, 0x0000000082400000|
|  13|0x0000000082500000, 0x0000000082500000, 0x0000000082600000|  0%| F|  |TS  0|AC  0|TAMS 0x0000000082500000, 0x0000000082500000|
|  14|0x0000000082600000, 0x0000000082600000, 0x0000000082700000|  0%| F|  |TS  0|AC  0|TAMS 0x0000000082600000, 0x0000000082600000|
|  15|0x0000000082700000, 0x0000000082700000, 0x0000000082800000|  0%| F|  |TS  0|AC  0|TAMS 0x0000000082700000, 0x0000000082700000|
|  16|0x0000000082800000, 0x0000000082800000, 0x0000000082900000|  0%| F|  |TS  0|AC  0|TAMS 0x0000000082800000, 0x0000000082800000|
|  17|0x0000000082900000, 0x0000000082900000, 0x0000000082a00000|  0%| F|  |TS  0|AC  0|TAMS 0x0000000082900000, 0x0000000082900000|
|  18|0x0000000082a00000, 0x0000000082a00000, 0x0000000082b00000|  0%| F|  |TS  0|AC  0|TAMS 0x0000000082a00000, 0x0000000082a00000|
|  19|0x0000000082b00000, 0x0000000082b00000, 0x0000000082c00000|  0%| F|  |TS  0|AC  0|TAMS 0x0000000082b00000, 0x0000000082b00000|
|  20|0x0000000082c00000, 0x0000000082c00000, 0x0000000082d00000|  0%| F|  |TS  0|AC  0|TAMS 0x0000000082c00000, 0x0000000082c00000|
|  21|0x0000000082d00000, 0x0000000082d00000, 0x0000000082e00000|  0%| F|  |TS  0|AC  0|TAMS 0x0000000082d00000, 0x0000000082d00000|
|  22|0x0000000082e00000, 0x0000000082e00000, 0x0000000082f00000|  0%| F|  |TS  0|AC  0|TAMS 0x0000000082e00000, 0x0000000082e00000|
|  23|0x0000000082f00000, 0x0000000082f00000, 0x0000000083000000|  0%| F|  |TS  0|AC  0|TAMS 0x0000000082f00000, 0x0000000082f00000|
|  24|0x0000000083000000, 0x0000000083000000, 0x0000000083100000|  0%| F|  |TS  0|AC  0|TAMS 0x0000000083000000, 0x0000000083000000|
|  25|0x0000000083100000, 0x0000000083100000, 0x0000000083200000|  0%| F|  |TS  0|AC  0|TAMS 0x0000000083100000, 0x0000000083100000|
|  26|0x0000000083200000, 0x0000000083200000, 0x0000000083300000|  0%| F|  |TS  0|AC  0|TAMS 0x0000000083200000, 0x0000000083200000|
|  27|0x0000000083300000, 0x0000000083300000, 0x0000000083400000|  0%| F|  |TS  0|AC  0|TAMS 0x0000000083300000, 0x0000000083300000|
|  28|0x0000000083400000, 0x0000000083400000, 0x0000000083500000|  0%| F|  |TS  0|AC  0|TAMS 0x0000000083400000, 0x0000000083400000|
|  29|0x0000000083500000, 0x0000000083500000, 0x0000000083600000|  0%| F|  |TS  0|AC  0|TAMS 0x0000000083500000, 0x0000000083500000|
|  30|0x0000000083600000, 0x0000000083600000, 0x0000000083700000|  0%| F|  |TS  0|AC  0|TAMS 0x0000000083600000, 0x0000000083600000|
|  31|0x0000000083700000, 0x0000000083700000, 0x0000000083800000|  0%| F|  |TS  0|AC  0|TAMS 0x0000000083700000, 0x0000000083700000|
|  32|0x0000000083800000, 0x0000000083800000, 0x0000000083900000|  0%| F|  |TS  0|AC  0|TAMS 0x0000000083800000, 0x0000000083800000|
|  33|0x0000000083900000, 0x0000000083900000, 0x0000000083a00000|  0%| F|  |TS  0|AC  0|TAMS 0x0000000083900000, 0x0000000083900000|
|  34|0x0000000083a00000, 0x0000000083a00000, 0x0000000083b00000|  0%| F|  |TS  0|AC  0|TAMS 0x0000000083a00000, 0x0000000083a00000|
|  35|0x0000000083b00000, 0x0000000083b00000, 0x0000000083c00000|  0%| F|  |TS  0|AC  0|TAMS 0x0000000083b00000, 0x0000000083b00000|
|  36|0x0000000083c00000, 0x0000000083c00000, 0x0000000083d00000|  0%| F|  |TS  0|AC  0|TAMS 0x0000000083c00000, 0x0000000083c00000|
|  37|0x0000000083d00000, 0x0000000083d00000, 0x0000000083e00000|  0%| F|  |TS  0|AC  0|TAMS 0x0000000083d00000, 0x0000000083d00000|
|  38|0x0000000083e00000, 0x0000000083e00000, 0x0000000083f00000|  0%| F|  |TS  0|AC  0|TAMS 0x0000000083e00000, 0x0000000083e00000|
|  39|0x0000000083f00000, 0x0000000083f00000, 0x0000000084000000|  0%| F|  |TS  0|AC  0|TAMS 0x0000000083f00000, 0x0000000083f00000|
|  40|0x0000000084000000, 0x0000000084000000, 0x0000000084100000|  0%| F|  |TS  0|AC  0|TAMS 0x0000000084000000, 0x0000000084000000|
|  41|0x0000000084100000, 0x0000000084100000, 0x0000000084200000|  0%| F|  |TS  0|AC  0|TAMS 0x0000000084100000, 0x0000000084100000|
|  42|0x0000000084200000, 0x0000000084200000, 0x0000000084300000|  0%| F|  |TS  0|AC  0|TAMS 0x0000000084200000, 0x0000000084200000|
|  43|0x0000000084300000, 0x0000000084300000, 0x0000000084400000|  0%| F|  |TS  0|AC  0|TAMS 0x0000000084300000, 0x0000000084300000|
|  44|0x0000000084400000, 0x0000000084400000, 0x0000000084500000|  0%| F|  |TS  0|AC  0|TAMS 0x0000000084400000, 0x0000000084400000|
|  45|0x0000000084500000, 0x0000000084500000, 0x0000000084600000|  0%| F|  |TS  0|AC  0|TAMS 0x0000000084500000, 0x0000000084500000|
|  46|0x0000000084600000, 0x0000000084600000, 0x0000000084700000|  0%| F|  |TS  0|AC  0|TAMS 0x0000000084600000, 0x0000000084600000|
|  47|0x0000000084700000, 0x0000000084700000, 0x0000000084800000|  0%| F|  |TS  0|AC  0|TAMS 0x0000000084700000, 0x0000000084700000|
|  48|0x0000000084800000, 0x0000000084800000, 0x0000000084900000|  0%| F|  |TS  0|AC  0|TAMS 0x0000000084800000, 0x0000000084800000|
|  49|0x0000000084900000, 0x0000000084900000, 0x0000000084a00000|  0%| F|  |TS  0|AC  0|TAMS 0x0000000084900000, 0x0000000084900000|
|  50|0x0000000084a00000, 0x0000000084a00000, 0x0000000084b00000|  0%| F|  |TS  0|AC  0|TAMS 0x0000000084a00000, 0x0000000084a00000|
|  51|0x0000000084b00000, 0x0000000084b00000, 0x0000000084c00000|  0%| F|  |TS  0|AC  0|TAMS 0x0000000084b00000, 0x0000000084b00000|
|  52|0x0000000084c00000, 0x0000000084c00000, 0x0000000084d00000|  0%| F|  |TS  0|AC  0|TAMS 0x0000000084c00000, 0x0000000084c00000|
|  53|0x0000000084d00000, 0x0000000084d00000, 0x0000000084e00000|  0%| F|  |TS  0|AC  0|TAMS 0x0000000084d00000, 0x0000000084d00000|
|  54|0x0000000084e00000, 0x0000000084e00000, 0x0000000084f00000|  0%| F|  |TS  0|AC  0|TAMS 0x0000000084e00000, 0x0000000084e00000|
|  55|0x0000000084f00000, 0x0000000084f00000, 0x0000000085000000|  0%| F|  |TS  0|AC  0|TAMS 0x0000000084f00000, 0x0000000084f00000|
|  56|0x0000000085000000, 0x0000000085000000, 0x0000000085100000|  0%| F|  |TS  0|AC  0|TAMS 0x0000000085000000, 0x0000000085000000|
|  57|0x0000000085100000, 0x0000000085100000, 0x0000000085200000|  0%| F|  |TS  0|AC  0|TAMS 0x0000000085100000, 0x0000000085100000|
|  58|0x0000000085200000, 0x0000000085200000, 0x0000000085300000|  0%| F|  |TS  0|AC  0|TAMS 0x0000000085200000, 0x0000000085200000|
|  59|0x0000000085300000, 0x0000000085300000, 0x0000000085400000|  0%| F|  |TS  0|AC  0|TAMS 0x0000000085300000, 0x0000000085300000|
|  60|0x0000000085400000, 0x0000000085400000, 0x0000000085500000|  0%| F|  |TS  0|AC  0|TAMS 0x0000000085400000, 0x0000000085400000|
|  61|0x0000000085500000, 0x0000000085500000, 0x0000000085600000|  0%| F|  |TS  0|AC  0|TAMS 0x0000000085500000, 0x0000000085500000|
|  62|0x0000000085600000, 0x0000000085600000, 0x0000000085700000|  0%| F|  |TS  0|AC  0|TAMS 0x0000000085600000, 0x0000000085600000|
|  63|0x0000000085700000, 0x0000000085700000, 0x0000000085800000|  0%| F|  |TS  0|AC  0|TAMS 0x0000000085700000, 0x0000000085700000|
|  64|0x0000000085800000, 0x0000000085800000, 0x0000000085900000|  0%| F|  |TS  0|AC  0|TAMS 0x0000000085800000, 0x0000000085800000|
|  65|0x0000000085900000, 0x0000000085900000, 0x0000000085a00000|  0%| F|  |TS  0|AC  0|TAMS 0x0000000085900000, 0x0000000085900000|
|  66|0x0000000085a00000, 0x0000000085a00000, 0x0000000085b00000|  0%| F|  |TS  0|AC  0|TAMS 0x0000000085a00000, 0x0000000085a00000|
|  67|0x0000000085b00000, 0x0000000085b00000, 0x0000000085c00000|  0%| F|  |TS  0|AC  0|TAMS 0x0000000085b00000, 0x0000000085b00000|
|  68|0x0000000085c00000, 0x0000000085c00000, 0x0000000085d00000|  0%| F|  |TS  0|AC  0|TAMS 0x0000000085c00000, 0x0000000085c00000|
|  69|0x0000000085d00000, 0x0000000085d00000, 0x0000000085e00000|  0%| F|  |TS  0|AC  0|TAMS 0x0000000085d00000, 0x0000000085d00000|
|  70|0x0000000085e00000, 0x0000000085e00000, 0x0000000085f00000|  0%| F|  |TS  0|AC  0|TAMS 0x0000000085e00000, 0x0000000085e00000|
|  71|0x0000000085f00000, 0x0000000085f00000, 0x0000000086000000|  0%| F|  |TS  0|AC  0|TAMS 0x0000000085f00000, 0x0000000085f00000|
|  72|0x0000000086000000, 0x0000000086000000, 0x0000000086100000|  0%| F|  |TS  0|AC  0|TAMS 0x0000000086000000, 0x0000000086000000|
|  73|0x0000000086100000, 0x0000000086100000, 0x0000000086200000|  0%| F|  |TS  0|AC  0|TAMS 0x0000000086100000, 0x0000000086100000|
|  74|0x0000000086200000, 0x0000000086200000, 0x0000000086300000|  0%| F|  |TS  0|AC  0|TAMS 0x0000000086200000, 0x0000000086200000|
|  75|0x0000000086300000, 0x0000000086300000, 0x0000000086400000|  0%| F|  |TS  0|AC  0|TAMS 0x0000000086300000, 0x0000000086300000|
|  76|0x0000000086400000, 0x0000000086400000, 0x0000000086500000|  0%| F|  |TS  0|AC  0|TAMS 0x0000000086400000, 0x0000000086400000|
|  77|0x0000000086500000, 0x0000000086500000, 0x0000000086600000|  0%| F|  |TS  0|AC  0|TAMS 0x0000000086500000, 0x0000000086500000|
|  78|0x0000000086600000, 0x0000000086600000, 0x0000000086700000|  0%| F|  |TS  0|AC  0|TAMS 0x0000000086600000, 0x0000000086600000|
|  79|0x0000000086700000, 0x0000000086700000, 0x0000000086800000|  0%| F|  |TS  0|AC  0|TAMS 0x0000000086700000, 0x0000000086700000|
|  80|0x0000000086800000, 0x0000000086800000, 0x0000000086900000|  0%| F|  |TS  0|AC  0|TAMS 0x0000000086800000, 0x0000000086800000|
|  81|0x0000000086900000, 0x0000000086900000, 0x0000000086a00000|  0%| F|  |TS  0|AC  0|TAMS 0x0000000086900000, 0x0000000086900000|
|  82|0x0000000086a00000, 0x0000000086a00000, 0x0000000086b00000|  0%| F|  |TS  0|AC  0|TAMS 0x0000000086a00000, 0x0000000086a00000|
|  83|0x0000000086b00000, 0x0000000086b00000, 0x0000000086c00000|  0%| F|  |TS  0|AC  0|TAMS 0x0000000086b00000, 0x0000000086b00000|
|  84|0x0000000086c00000, 0x0000000086c00000, 0x0000000086d00000|  0%| F|  |TS  0|AC  0|TAMS 0x0000000086c00000, 0x0000000086c00000|
|  85|0x0000000086d00000, 0x0000000086d00000, 0x0000000086e00000|  0%| F|  |TS  0|AC  0|TAMS 0x0000000086d00000, 0x0000000086d00000|
|  86|0x0000000086e00000, 0x0000000086e00000, 0x0000000086f00000|  0%| F|  |TS  0|AC  0|TAMS 0x0000000086e00000, 0x0000000086e00000|
|  87|0x0000000086f00000, 0x0000000086f00000, 0x0000000087000000|  0%| F|  |TS  0|AC  0|TAMS 0x0000000086f00000, 0x0000000086f00000|
|  88|0x0000000087000000, 0x0000000087000000, 0x0000000087100000|  0%| F|  |TS  0|AC  0|TAMS 0x0000000087000000, 0x0000000087000000|
|  89|0x0000000087100000, 0x0000000087100000, 0x0000000087200000|  0%| F|  |TS  0|AC  0|TAMS 0x0000000087100000, 0x0000000087100000|
|  90|0x0000000087200000, 0x0000000087200000, 0x0000000087300000|  0%| F|  |TS  0|AC  0|TAMS 0x0000000087200000, 0x0000000087200000|
|  91|0x0000000087300000, 0x0000000087300000, 0x0000000087400000|  0%| F|  |TS  0|AC  0|TAMS 0x0000000087300000, 0x0000000087300000|
|  92|0x0000000087400000, 0x0000000087400000, 0x0000000087500000|  0%| F|  |TS  0|AC  0|TAMS 0x0000000087400000, 0x0000000087400000|
|  93|0x0000000087500000, 0x0000000087500000, 0x0000000087600000|  0%| F|  |TS  0|AC  0|TAMS 0x0000000087500000, 0x0000000087500000|
|  94|0x0000000087600000, 0x0000000087600000, 0x0000000087700000|  0%| F|  |TS  0|AC  0|TAMS 0x0000000087600000, 0x0000000087600000|
|  95|0x0000000087700000, 0x0000000087700000, 0x0000000087800000|  0%| F|  |TS  0|AC  0|TAMS 0x0000000087700000, 0x0000000087700000|
|  96|0x0000000087800000, 0x0000000087800000, 0x0000000087900000|  0%| F|  |TS  0|AC  0|TAMS 0x0000000087800000, 0x0000000087800000|
|  97|0x0000000087900000, 0x0000000087900000, 0x0000000087a00000|  0%| F|  |TS  0|AC  0|TAMS 0x0000000087900000, 0x0000000087900000|
|  98|0x0000000087a00000, 0x0000000087a00000, 0x0000000087b00000|  0%| F|  |TS  0|AC  0|TAMS 0x0000000087a00000, 0x0000000087a00000|
|  99|0x0000000087b00000, 0x0000000087b00000, 0x0000000087c00000|  0%| F|  |TS  0|AC  0|TAMS 0x0000000087b00000, 0x0000000087b00000|
| 100|0x0000000087c00000, 0x0000000087c00000, 0x0000000087d00000|  0%| F|  |TS  0|AC  0|TAMS 0x0000000087c00000, 0x0000000087c00000|
| 101|0x0000000087d00000, 0x0000000087d00000, 0x0000000087e00000|  0%| F|  |TS  0|AC  0|TAMS 0x0000000087d00000, 0x0000000087d00000|
| 102|0x0000000087e00000, 0x0000000087e00000, 0x0000000087f00000|  0%| F|  |TS  0|AC  0|TAMS 0x0000000087e00000, 0x0000000087e00000|
| 103|0x0000000087f00000, 0x0000000087f00000, 0x0000000088000000|  0%| F|  |TS  0|AC  0|TAMS 0x0000000087f00000, 0x0000000087f00000|
| 104|0x0000000088000000, 0x0000000088000000, 0x0000000088100000|  0%| F|  |TS  0|AC  0|TAMS 0x0000000088000000, 0x0000000088000000|
| 105|0x0000000088100000, 0x0000000088100000, 0x0000000088200000|  0%| F|  |TS  0|AC  0|TAMS 0x0000000088100000, 0x0000000088100000|
| 106|0x0000000088200000, 0x0000000088200000, 0x0000000088300000|  0%| F|  |TS  0|AC  0|TAMS 0x0000000088200000, 0x0000000088200000|
| 107|0x0000000088300000, 0x0000000088300000, 0x0000000088400000|  0%| F|  |TS  0|AC  0|TAMS 0x0000000088300000, 0x0000000088300000|
| 108|0x0000000088400000, 0x0000000088400000, 0x0000000088500000|  0%| F|  |TS  0|AC  0|TAMS 0x0000000088400000, 0x0000000088400000|
| 109|0x0000000088500000, 0x0000000088500000, 0x0000000088600000|  0%| F|  |TS  0|AC  0|TAMS 0x0000000088500000, 0x0000000088500000|
| 110|0x0000000088600000, 0x0000000088600000, 0x0000000088700000|  0%| F|  |TS  0|AC  0|TAMS 0x0000000088600000, 0x0000000088600000|
| 111|0x0000000088700000, 0x0000000088700000, 0x0000000088800000|  0%| F|  |TS  0|AC  0|TAMS 0x0000000088700000, 0x0000000088700000|
| 112|0x0000000088800000, 0x0000000088800000, 0x0000000088900000|  0%| F|  |TS  0|AC  0|TAMS 0x0000000088800000, 0x0000000088800000|
| 113|0x0000000088900000, 0x0000000088900000, 0x0000000088a00000|  0%| F|  |TS  0|AC  0|TAMS 0x0000000088900000, 0x0000000088900000|
| 114|0x0000000088a00000, 0x0000000088a00000, 0x0000000088b00000|  0%| F|  |TS  0|AC  0|TAMS 0x0000000088a00000, 0x0000000088a00000|
| 115|0x0000000088b00000, 0x0000000088b00000, 0x0000000088c00000|  0%| F|  |TS  0|AC  0|TAMS 0x0000000088b00000, 0x0000000088b00000|
| 116|0x0000000088c00000, 0x0000000088c00000, 0x0000000088d00000|  0%| F|  |TS  0|AC  0|TAMS 0x0000000088c00000, 0x0000000088c00000|
| 117|0x0000000088d00000, 0x0000000088d00000, 0x0000000088e00000|  0%| F|  |TS  0|AC  0|TAMS 0x0000000088d00000, 0x0000000088d00000|
| 118|0x0000000088e00000, 0x0000000088e00000, 0x0000000088f00000|  0%| F|  |TS  0|AC  0|TAMS 0x0000000088e00000, 0x0000000088e00000|
| 119|0x0000000088f00000, 0x0000000088f00000, 0x0000000089000000|  0%| F|  |TS  0|AC  0|TAMS 0x0000000088f00000, 0x0000000088f00000|
| 120|0x0000000089000000, 0x0000000089000000, 0x0000000089100000|  0%| F|  |TS  0|AC  0|TAMS 0x0000000089000000, 0x0000000089000000|
| 121|0x0000000089100000, 0x0000000089100000, 0x0000000089200000|  0%| F|  |TS  0|AC  0|TAMS 0x0000000089100000, 0x0000000089100000|
| 122|0x0000000089200000, 0x0000000089200000, 0x0000000089300000|  0%| F|  |TS  0|AC  0|TAMS 0x0000000089200000, 0x0000000089200000|
| 123|0x0000000089300000, 0x0000000089400000, 0x0000000089400000|100%| E|  |TS  0|AC  0|TAMS 0x0000000089300000, 0x0000000089300000|
| 124|0x0000000089400000, 0x0000000089500000, 0x0000000089500000|100%| E|CS|TS  0|AC  0|TAMS 0x0000000089400000, 0x0000000089400000|
| 125|0x0000000089500000, 0x0000000089600000, 0x0000000089600000|100%| E|CS|TS  0|AC  0|TAMS 0x0000000089500000, 0x0000000089500000|
| 126|0x0000000089600000, 0x0000000089700000, 0x0000000089700000|100%| E|CS|TS  0|AC  0|TAMS 0x0000000089600000, 0x0000000089600000|
| 127|0x0000000089700000, 0x0000000089800000, 0x0000000089800000|100%| E|CS|TS  0|AC  0|TAMS 0x0000000089700000, 0x0000000089700000|

Card table byte_map: [0x000001c8f96a0000,0x000001c8f9aa0000] byte_map_base: 0x000001c8f9294000

Marking Bits (Prev, Next): (CMBitMap*) 0x000001c8f7425fa0, (CMBitMap*) 0x000001c8f7425fd8
 Prev Bits: [0x000001c8f9ea0000, 0x000001c8fbe40000)
 Next Bits: [0x000001c8fbe40000, 0x000001c8fdde0000)

Polling page: 0x000001c8f7130000

CodeHeap 'non-profiled nmethods': size=120064Kb used=133Kb max_used=133Kb free=119930Kb
 bounds [0x000001c892d70000, 0x000001c892fe0000, 0x000001c89a2b0000]
CodeHeap 'profiled nmethods': size=120000Kb used=519Kb max_used=519Kb free=119481Kb
 bounds [0x000001c88b840000, 0x000001c88bab0000, 0x000001c892d70000]
CodeHeap 'non-nmethods': size=5696Kb used=1135Kb max_used=1147Kb free=4560Kb
 bounds [0x000001c88b2b0000, 0x000001c88b520000, 0x000001c88b840000]
 total_blobs=816 nmethods=380 adapters=263
 compilation: enabled

Compilation events (10 events):
Event: 5.489 Thread 0x000001c89a7db800  376       1       java.nio.Buffer::position (5 bytes)
Event: 5.489 Thread 0x000001c89a7db800 nmethod 376 0x000001c892d90690 code [0x000001c892d90840, 0x000001c892d90958]
Event: 5.994 Thread 0x000001c89a7db800  377       1       java.nio.Buffer::limit (5 bytes)
Event: 5.994 Thread 0x000001c89a7db800 nmethod 377 0x000001c892d90a10 code [0x000001c892d90bc0, 0x000001c892d90cd8]
Event: 8.182 Thread 0x000001c89a7db800  378       3       java.lang.StringUTF16::putChar (54 bytes)
Event: 8.182 Thread 0x000001c89a7db800 nmethod 378 0x000001c88b8c1790 code [0x000001c88b8c1940, 0x000001c88b8c1ad8]
Event: 91010.427 Thread 0x000001c89a7d0800  379       4       java.lang.StringUTF16::getChar (60 bytes)
Event: 91010.429 Thread 0x000001c89a7d0800 nmethod 379 0x000001c892d90d90 code [0x000001c892d90f20, 0x000001c892d90ff8]
Event: 94022.780 Thread 0x000001c89a7c6000  380       4       java.lang.StringUTF16::putChar (54 bytes)
Event: 94022.781 Thread 0x000001c89a7c6000 nmethod 380 0x000001c892d91110 code [0x000001c892d912a0, 0x000001c892d91398]

GC Heap History (0 events):
No events

Deoptimization events (2 events):
Event: 0.310 Thread 0x000001c8f7395800 Uncommon trap: reason=unstable_if action=reinterpret pc=0x000001c892d73808 method=java.lang.String.hashCode()I @ 14 c2
Event: 0.448 Thread 0x000001c8f7395800 Uncommon trap: reason=unstable_if action=reinterpret pc=0x000001c892d824fc method=java.lang.String.charAt(I)C @ 4 c2

Classes redefined (4 events):
Event: 74897.481 Thread 0x000001c89a7a5000 redefined class name=com.company.Tim2SoBeNhat, count=1
Event: 75177.026 Thread 0x000001c89a7a5000 redefined class name=com.company.Tim2SoBeNhat, count=2
Event: 92878.768 Thread 0x000001c89a7a5000 redefined class name=com.company.Tim2SoBeNhat, count=3
Event: 94022.767 Thread 0x000001c89a7a5000 redefined class name=com.company.Tim2SoBeNhat, count=4

Internal exceptions (2 events):
Event: 0.754 Thread 0x000001c8f7395800 Exception <a 'java/lang/NoSuchMethodError'{0x0000000089464680}: java.lang.Object.lambda$negate$3(I)Z> (0x0000000089464680) thrown at [t:/workspace/open/src/hotspot/share/interpreter/linkResolver.cpp, line 741]
Event: 0.756 Thread 0x000001c8f7395800 Exception <a 'java/lang/NoSuchMethodError'{0x00000000894679a0}: java.lang.Object.lambda$and$0(Ljava/util/regex/Pattern$CharPredicate;I)Z> (0x00000000894679a0) thrown at [t:/workspace/open/src/hotspot/share/interpreter/linkResolver.cpp, line 741]

Events (10 events):
Event: 95365.248 Executing VM operation: ChangeBreakpoints done
Event: 95389.489 Executing VM operation: GetFrameCount
Event: 95389.489 Executing VM operation: GetFrameCount done
Event: 95389.489 Executing VM operation: GetFrameCount
Event: 95389.489 Executing VM operation: GetFrameCount done
Event: 95389.489 Executing VM operation: GetFrameLocation
Event: 95389.489 Executing VM operation: GetFrameLocation done
Event: 95389.492 Executing VM operation: ChangeBreakpoints
Event: 95389.492 Executing VM operation: ChangeBreakpoints done
Event: 95389.497 Executing VM operation: GetOrSetLocal


Dynamic libraries:
0x00007ff682e10000 - 0x00007ff682e4e000 	C:\Program Files\Java\jdk-10.0.1\bin\java.exe
0x00007ffb2e3c0000 - 0x00007ffb2e5a1000 	C:\Windows\SYSTEM32\ntdll.dll
0x00007ffaf77d0000 - 0x00007ffaf7804000 	C:\Program Files\AVAST Software\Avast\x64\aswhooka.dll
0x00007ffb2b930000 - 0x00007ffb2b9e2000 	C:\Windows\System32\KERNEL32.DLL
0x00007ffb2b340000 - 0x00007ffb2b5b3000 	C:\Windows\System32\KERNELBASE.dll
0x00007ffb2b850000 - 0x00007ffb2b8f1000 	C:\Windows\System32\ADVAPI32.dll
0x00007ffb2d5f0000 - 0x00007ffb2d68e000 	C:\Windows\System32\msvcrt.dll
0x00007ffb2dbf0000 - 0x00007ffb2dc4b000 	C:\Windows\System32\sechost.dll
0x00007ffb2dab0000 - 0x00007ffb2dbd4000 	C:\Windows\System32\RPCRT4.dll
0x00007ffb2d810000 - 0x00007ffb2d9a0000 	C:\Windows\System32\USER32.dll
0x00007ffb2b320000 - 0x00007ffb2b340000 	C:\Windows\System32\win32u.dll
0x00007ffb2b900000 - 0x00007ffb2b928000 	C:\Windows\System32\GDI32.dll
0x00007ffb2a940000 - 0x00007ffb2aad2000 	C:\Windows\System32\gdi32full.dll
0x00007ffb2b5c0000 - 0x00007ffb2b65f000 	C:\Windows\System32\msvcp_win.dll
0x00007ffb2a790000 - 0x00007ffb2a88a000 	C:\Windows\System32\ucrtbase.dll
0x00007ffb1ff10000 - 0x00007ffb20179000 	C:\Windows\WinSxS\amd64_microsoft.windows.common-controls_6595b64144ccf1df_6.0.17134.228_none_fb4599993062b194\COMCTL32.dll
0x00007ffb2d2c0000 - 0x00007ffb2d5e3000 	C:\Windows\System32\combase.dll
0x00007ffb2b2a0000 - 0x00007ffb2b31a000 	C:\Windows\System32\bcryptPrimitives.dll
0x00007ffb24090000 - 0x00007ffb2409a000 	C:\Windows\SYSTEM32\VERSION.dll
0x00007ffb2cf20000 - 0x00007ffb2cf4d000 	C:\Windows\System32\IMM32.DLL
0x00007ffb1c870000 - 0x00007ffb1c95f000 	C:\Program Files\Java\jdk-10.0.1\bin\msvcr120.dll
0x00007ffb1b0e0000 - 0x00007ffb1b186000 	C:\Program Files\Java\jdk-10.0.1\bin\msvcp120.dll
0x0000000066e00000 - 0x0000000067870000 	C:\Program Files\Java\jdk-10.0.1\bin\server\jvm.dll
0x00007ffb2dbe0000 - 0x00007ffb2dbe8000 	C:\Windows\System32\PSAPI.DLL
0x00007ffb14f20000 - 0x00007ffb14f29000 	C:\Windows\SYSTEM32\WSOCK32.dll
0x00007ffb2d1d0000 - 0x00007ffb2d23c000 	C:\Windows\System32\WS2_32.dll
0x00007ffb28190000 - 0x00007ffb281b3000 	C:\Windows\SYSTEM32\WINMM.dll
0x00007ffb28160000 - 0x00007ffb2818a000 	C:\Windows\SYSTEM32\WINMMBASE.dll
0x00007ffb2b250000 - 0x00007ffb2b299000 	C:\Windows\System32\cfgmgr32.dll
0x00007ffb269b0000 - 0x00007ffb269bf000 	C:\Program Files\Java\jdk-10.0.1\bin\verify.dll
0x00007ffb29170000 - 0x00007ffb29339000 	C:\Windows\SYSTEM32\DBGHELP.DLL
0x00007ffb13200000 - 0x00007ffb13229000 	C:\Windows\SYSTEM32\dbgcore.DLL
0x00007ffb1c7d0000 - 0x00007ffb1c7f7000 	C:\Program Files\Java\jdk-10.0.1\bin\java.dll
0x00007ffb0cf40000 - 0x00007ffb0cf76000 	C:\Program Files\Java\jdk-10.0.1\bin\jdwp.dll
0x00007ffb1c720000 - 0x00007ffb1c74a000 	C:\Program Files\Java\jdk-10.0.1\bin\instrument.dll
0x00007ffb1c990000 - 0x00007ffb1c9a6000 	C:\Program Files\Java\jdk-10.0.1\bin\zip.dll
0x00007ffb269a0000 - 0x00007ffb269aa000 	C:\Program Files\Java\jdk-10.0.1\bin\jimage.dll
0x00007ffb2bae0000 - 0x00007ffb2cf20000 	C:\Windows\System32\SHELL32.dll
0x00007ffb2d9a0000 - 0x00007ffb2da49000 	C:\Windows\System32\shcore.dll
0x00007ffb2aae0000 - 0x00007ffb2b1ed000 	C:\Windows\System32\windows.storage.dll
0x00007ffb2da50000 - 0x00007ffb2daa1000 	C:\Windows\System32\shlwapi.dll
0x00007ffb2a770000 - 0x00007ffb2a781000 	C:\Windows\System32\kernel.appcore.dll
0x00007ffb2a740000 - 0x00007ffb2a75f000 	C:\Windows\System32\profapi.dll
0x00007ffb2a6f0000 - 0x00007ffb2a73c000 	C:\Windows\System32\powrprof.dll
0x00007ffb2a760000 - 0x00007ffb2a76a000 	C:\Windows\System32\FLTLIB.DLL
0x00007ffb1b4b0000 - 0x00007ffb1b4ba000 	C:\Program Files\Java\jdk-10.0.1\bin\dt_socket.dll
0x00007ffb29ef0000 - 0x00007ffb29f56000 	C:\Windows\system32\mswsock.dll
0x00007ffb1c700000 - 0x00007ffb1c71a000 	C:\Program Files\Java\jdk-10.0.1\bin\net.dll
0x00007ffb25d30000 - 0x00007ffb25e0c000 	C:\Windows\SYSTEM32\WINHTTP.dll
0x00007ffb1b1e0000 - 0x00007ffb1b1f1000 	C:\Program Files\Java\jdk-10.0.1\bin\nio.dll

dbghelp: loaded successfully - version: 4.0.5 - missing functions: none
symbol engine: initialized successfully - sym options: 0x614 - pdb path: .;C:\Program Files\Java\jdk-10.0.1\bin;C:\Windows\SYSTEM32;C:\Program Files\AVAST Software\Avast\x64;C:\Windows\WinSxS\amd64_microsoft.windows.common-controls_6595b64144ccf1df_6.0.17134.228_none_fb4599993062b194;C:\Program Files\Java\jdk-10.0.1\bin\server

VM Arguments:
jvm_args: -agentlib:jdwp=transport=dt_socket,address=127.0.0.1:54880,suspend=y,server=n -javaagent:C:\Users\DELL\AppData\Local\Temp\capturejars\debugger-agent.jar=file:/C:/Users/DELL/AppData/Local/Temp/capture.props -Dfile.encoding=UTF-8 
java_command: com.company.Tim2SoBeNhat
java_class_path (initial): F:\btJava\out\production\btJava;C:\Program Files\JetBrains\IntelliJ IDEA Community Edition 2018.1.6\lib\idea_rt.jar
Launcher Type: SUN_STANDARD

Logging:
Log output configuration:
#0: stdout all=warning uptime,level,tags
#1: stderr all=off uptime,level,tags

Environment Variables:
PATH=C:\Program Files (x86)\Common Files\Oracle\Java\javapath;C:\Program Files (x86)\Intel\Intel(R) Management Engine Components\iCLS\;C:\Program Files\Intel\Intel(R) Management Engine Components\iCLS\;C:\Windows\system32;C:\Windows;C:\Windows\System32\Wbem;C:\Windows\System32\WindowsPowerShell\v1.0\;C:\Windows\System32\OpenSSH\;C:\Program Files (x86)\Intel\Intel(R) Management Engine Components\DAL;C:\Program Files\Intel\Intel(R) Management Engine Components\DAL;C:\Program Files (x86)\Intel\Intel(R) Management Engine Components\IPT;C:\Program Files\Intel\Intel(R) Management Engine Components\IPT;C:\Program Files\Git\cmd;C:\Users\DELL\AppData\Local\Microsoft\WindowsApps;
USERNAME=DELL
OS=Windows_NT
PROCESSOR_IDENTIFIER=Intel64 Family 6 Model 142 Stepping 9, GenuineIntel



---------------  S Y S T E M  ---------------

OS: Windows 10 , 64 bit Build 17134 (10.0.17134.1)

CPU:total 4 (initial active 4) (2 cores per cpu, 2 threads per core) family 6 model 142 stepping 9, cmov, cx8, fxsr, mmx, sse, sse2, sse3, ssse3, sse4.1, sse4.2, popcnt, avx, avx2, aes, clmul, erms, 3dnowpref, lzcnt, ht, tsc, tscinvbit, bmi1, bmi2, adx, fma

Memory: 4k page, physical 8283796k(2488868k free), swap 9594516k(1973744k free)

vm_info: Java HotSpot(TM) 64-Bit Server VM (10.0.1+10) for windows-amd64 JRE (10.0.1+10), built on Mar 27 2018 02:27:48 by "mach5one" with MS VC++ 12.0 (VS2013)

END.
